
> issue64-full-frontend@1.0.0-SNAPSHOT build
> node scripts/build-with-report.mjs


> issue64-full-frontend@1.0.0-SNAPSHOT typecheck
> vue-tsc -p tsconfig.app.json --noEmit

vite v4.5.14 building for production...
transforming...
✓ 3200 modules transformed.
rendering chunks...
computing gzip size...
dist/index.html                                   2.43 kB │ gzip:   0.80 kB
dist/assets/mango-platform-20fed464.css         579.47 kB │ gzip: 100.15 kB
dist/assets/index-f4f07f02.js                     1.67 kB │ gzip:   0.88 kB
dist/assets/date-vendor-ef8c3e02.js              15.65 kB │ gzip:   5.97 kB
dist/assets/utility-vendor-0534eec1.js           28.06 kB │ gzip:  10.10 kB
dist/assets/mango-numgen-d5db91a6.js             36.40 kB │ gzip:  12.29 kB
dist/assets/mango-calendar-27e884b9.js           40.82 kB │ gzip:  12.35 kB
dist/assets/http-vendor-1906a531.js              42.46 kB │ gzip:  16.69 kB
dist/assets/mango-file-44122505.js               78.67 kB │ gzip:  24.72 kB
dist/assets/vue-vendor-9aac2acc.js              124.49 kB │ gzip:  48.08 kB
dist/assets/mango-notice-07579fd3.js            162.69 kB │ gzip:  44.36 kB
dist/assets/editor-vendor-cf5c1edd.js           174.48 kB │ gzip:  58.41 kB
dist/assets/vendor-fb2c9da6.js                  217.58 kB │ gzip:  70.97 kB
dist/assets/charts-renderer-fa98ba0d.js         220.80 kB │ gzip:  75.32 kB
dist/assets/charts-series-1dd2caf3.js           258.01 kB │ gzip:  85.73 kB
dist/assets/charts-components-b9b1e35e.js       284.24 kB │ gzip:  93.31 kB
dist/assets/mango-workflow-ff33392e.js          295.19 kB │ gzip:  83.67 kB
dist/assets/charts-core-d46f8312.js             375.86 kB │ gzip: 129.26 kB
dist/assets/mango-template-574dbb33.js          409.48 kB │ gzip: 132.03 kB
dist/assets/mango-platform-faaa63c3.js          411.07 kB │ gzip: 121.76 kB
dist/assets/richtext-vendor-6e1e06a2.js         811.52 kB │ gzip: 281.06 kB
dist/assets/element-plus-cd18773a.js            834.53 kB │ gzip: 257.80 kB
dist/assets/form-create-designer-e839c175.js  1,055.97 kB │ gzip: 328.39 kB
✓ built in 10.79s
