Progress: resolved 1, reused 0, downloaded 0, added 0
 WARN  deprecated vue-i18n@9.14.5: v9 and v10 no longer supported. please migrate to v11. about maintenance status, see https://vue-i18n.intlify.dev/guide/maintenance.html
Progress: resolved 12, reused 12, downloaded 0, added 0
Progress: resolved 288, reused 242, downloaded 0, added 0
 WARN  4 deprecated subdependencies found: codemirror@6.65.7, glob@7.2.3, inflight@1.0.6, lodash.isequal@4.5.0
Packages: +254
++++++++++++++++++++++++++++++++++++++++++++++++++++++++++++++++++++++++++++++++
Progress: resolved 300, reused 254, downloaded 0, added 173
Progress: resolved 300, reused 254, downloaded 0, added 253
Progress: resolved 300, reused 254, downloaded 0, added 254, done
 WARN  Issues with peer dependencies found
.
└─┬ pinia-plugin-persistedstate 4.7.1
  └── ✕ unmet peer pinia@>=3.0.0: found 2.3.1

dependencies:
+ @element-plus/icons-vue 2.3.2
+ @mango/admin 1.0.0
+ @vitejs/plugin-vue 5.2.4 (6.0.7 is available)
+ dayjs 1.11.21
+ element-plus 2.14.0 (2.14.1 is available)
+ pinia 2.3.1 (3.0.4 is available)
+ pinia-plugin-persistedstate 4.7.1
+ typescript 5.9.3 (6.0.3 is available)
+ vite 5.4.21 (8.0.14 is available)
+ vue 3.5.35
+ vue-i18n 9.14.5 (11.4.4 is available) deprecated
+ vue-router 4.6.4 (5.1.0 is available)

Done in 4.4s using pnpm v10.33.0
