vite v5.4.21 building for production...
transforming...
✓ 2734 modules transformed.
rendering chunks...
computing gzip size...
dist/index.html                                        0.17 kB │ gzip:   0.15 kB
dist/assets/fc-icons-BjnjLEor.woff                    17.44 kB
dist/assets/BusinessReports-de_Ve5NZ.css               0.16 kB │ gzip:   0.14 kB
dist/assets/icon-Byp_cd-K.css                         16.09 kB │ gzip:   4.05 kB
dist/assets/style-CTjwcune.css                        25.02 kB │ gzip:   4.67 kB
dist/assets/index-B6CIJ_09.css                       387.47 kB │ gzip:  52.64 kB
dist/assets/_plugin-vue_export-helper-DlAUqK2U.js      0.09 kB │ gzip:   0.10 kB
dist/assets/_plugin-vue_export-helper-BffYpcM-.js      0.09 kB │ gzip:   0.10 kB
dist/assets/_plugin-vue_export-helper-b8p_N644.js      0.09 kB │ gzip:   0.10 kB
dist/assets/_plugin-vue_export-helper-B-KA9PqK.js      0.09 kB │ gzip:   0.10 kB
dist/assets/_plugin-vue_export-helper-B4PAZYor.js      0.09 kB │ gzip:   0.10 kB
dist/assets/_plugin-vue_export-helper-D3g4NK6h.js      0.21 kB │ gzip:   0.18 kB
dist/assets/businessApply-BKzMXNZn.js                  0.22 kB │ gzip:   0.18 kB
dist/assets/index.vue2-i7a82zI1.js                     0.29 kB │ gzip:   0.23 kB
dist/assets/index.vue2-BIG2TgJq.js                     0.29 kB │ gzip:   0.23 kB
dist/assets/menuPackage-DQyx4iKy.js                    0.38 kB │ gzip:   0.20 kB
dist/assets/formatTime-BSK6ffaY.js                     0.47 kB │ gzip:   0.26 kB
dist/assets/codemirror-CXsNnsF1.js                     0.50 kB │ gzip:   0.36 kB
dist/assets/sys-BMFA2BQb.js                            0.55 kB │ gzip:   0.29 kB
dist/assets/404.vue-DsanRLR_.js                        0.56 kB │ gzip:   0.42 kB
dist/assets/org-DGcm7Sp-.js                            0.66 kB │ gzip:   0.34 kB
dist/assets/role-DCezH7Lh.js                           0.67 kB │ gzip:   0.28 kB
dist/assets/index.vue-Qnc2JW2U.js                      0.69 kB │ gzip:   0.42 kB
dist/assets/breadcrumb.vue-CbzEXqPV.js                 0.73 kB │ gzip:   0.48 kB
dist/assets/iconConfig-BlO4_otb.js                     0.74 kB │ gzip:   0.46 kB
dist/assets/index-DaNEpyzB.js                          0.74 kB │ gzip:   0.41 kB
dist/assets/header.vue-U8yaQ_qV.js                     0.86 kB │ gzip:   0.52 kB
dist/assets/index.vue-DBFs_OoG.js                      0.88 kB │ gzip:   0.54 kB
dist/assets/post-Dh3HCvaS.js                           0.93 kB │ gzip:   0.39 kB
dist/assets/BusinessReports-CrI2My5A.js                0.94 kB │ gzip:   0.65 kB
dist/assets/menu-BEGbC5yG.js                           0.98 kB │ gzip:   0.45 kB
dist/assets/useDict-BfgLz-2D.js                        1.03 kB │ gzip:   0.56 kB
dist/assets/businessApproval-Dsiysvqr.js               1.03 kB │ gzip:   0.49 kB
dist/assets/tagsViewRoutes-BVUsKio4.js                 1.07 kB │ gzip:   0.60 kB
dist/assets/subItem.vue-CdDBV0_6.js                    1.11 kB │ gzip:   0.54 kB
dist/assets/workflowFormConfig-DV0KMwwn.js             1.12 kB │ gzip:   0.46 kB
dist/assets/horizontal.vue-59TGmy5t.js                 1.16 kB │ gzip:   0.56 kB
dist/assets/index-C6kGFjQZ.js                          1.18 kB │ gzip:   0.53 kB
dist/assets/index.vue-DqEVb_Ro.js                      1.22 kB │ gzip:   0.63 kB
dist/assets/index.vue-hcvp_sUl.js                      1.26 kB │ gzip:   0.63 kB
dist/assets/app-f6R17IZv.js                            1.49 kB │ gzip:   0.61 kB
dist/assets/active-line-D8lHAPyK.js                    1.72 kB │ gzip:   0.84 kB
dist/assets/user.vue-DklIf3cj.js                       1.80 kB │ gzip:   0.96 kB
dist/assets/vertical.vue-D5p-CaDu.js                   1.88 kB │ gzip:   0.88 kB
dist/assets/index.vue-BNwjCbip.js                      1.90 kB │ gzip:   1.15 kB
dist/assets/log-D7btUfDT.js                            1.93 kB │ gzip:   0.79 kB
dist/assets/index.vue-b-KDuuf1.js                      2.11 kB │ gzip:   0.93 kB
dist/assets/template-BHBprXxf.js                       2.14 kB │ gzip:   0.70 kB
dist/assets/index.vue-QrPRgmRF.js                      2.28 kB │ gzip:   0.85 kB
dist/assets/password.vue-DD4q4PHX.js                   2.83 kB │ gzip:   1.29 kB
dist/assets/columnsAside.vue-BvtY2Dhu.js               2.89 kB │ gzip:   1.42 kB
dist/assets/aside.vue-BplB9SFk.js                      3.04 kB │ gzip:   1.40 kB
dist/assets/main.vue-BzJPtTiM.js                       3.17 kB │ gzip:   1.67 kB
dist/assets/htmlmixed-Cz68GW3b.js                      3.32 kB │ gzip:   1.55 kB
dist/assets/index.vue-ChYqtj3H.js                      3.34 kB │ gzip:   1.41 kB
dist/assets/profile.vue-BZARCtIh.js                    3.47 kB │ gzip:   1.54 kB
dist/assets/matchbrackets-D__Nk2Nq.js                  3.51 kB │ gzip:   1.60 kB
dist/assets/tagsView.vue-CucLfjj4.js                   3.61 kB │ gzip:   1.66 kB
dist/assets/closebrackets-ubSeFBiS.js                  4.00 kB │ gzip:   1.72 kB
dist/assets/index.vue-F40IA9J6.js                      4.20 kB │ gzip:   2.01 kB
dist/assets/index.vue-Sqe20no6.js                      4.74 kB │ gzip:   2.26 kB
dist/assets/index.vue-KO6yPQs5.js                      4.75 kB │ gzip:   2.12 kB
dist/assets/index.vue-BDjDyWHX.js                      4.91 kB │ gzip:   2.11 kB
dist/assets/_plugin-vue_export-helper-BBTdDKzQ.js      4.99 kB │ gzip:   1.72 kB
dist/assets/fileSettings-B4yMIih8.js                   5.22 kB │ gzip:   1.46 kB
dist/assets/FilePreviewPanel.vue-D1ganfGq.js           5.22 kB │ gzip:   2.23 kB
dist/assets/index.vue-B8Xm-0gg.js                      5.34 kB │ gzip:   3.10 kB
dist/assets/index.vue-DA3WZ6El.js                      5.91 kB │ gzip:   2.35 kB
dist/assets/index.vue-YBELjDqO.js                      5.99 kB │ gzip:   2.58 kB
dist/assets/index.vue-C8Z4lX79.js                      6.49 kB │ gzip:   2.56 kB
dist/assets/xml-DOidWo5R.js                            6.49 kB │ gzip:   2.60 kB
dist/assets/index.vue-BQdJnTT-.js                      6.60 kB │ gzip:   2.57 kB
dist/assets/menuHost-BvD1wYq8.js                       6.63 kB │ gzip:   2.55 kB
dist/assets/index.vue2-D7MFeL85.js                     6.92 kB │ gzip:   2.87 kB
dist/assets/python-BJ91_TMM.js                         7.07 kB │ gzip:   3.06 kB
dist/assets/index.vue-DWlDomWK.js                      7.09 kB │ gzip:   2.62 kB
dist/assets/login.vue-DtWdXlWr.js                      7.12 kB │ gzip:   2.85 kB
dist/assets/index.vue-D0XbFzL-.js                      7.15 kB │ gzip:   2.68 kB
dist/assets/index.vue-DAKwtAUY.js                      7.45 kB │ gzip:   3.08 kB
dist/assets/index.vue-CgMNzHCR.js                      7.96 kB │ gzip:   2.66 kB
dist/assets/index.vue-CXLayHZT.js                      8.04 kB │ gzip:   3.12 kB
dist/assets/index.vue-BKwCug3t.js                      8.68 kB │ gzip:   3.27 kB
dist/assets/index.vue-BlNU2CuL.js                      9.10 kB │ gzip:   4.09 kB
dist/assets/index.vue-BEaQTK5n.js                      9.21 kB │ gzip:   3.48 kB
dist/assets/index.vue-kTxdbRd2.js                      9.51 kB │ gzip:   3.52 kB
dist/assets/index.vue-DUOqQE3_.js                     10.60 kB │ gzip:   4.03 kB
dist/assets/index.vue-DE_kz4kT.js                     11.37 kB │ gzip:   3.96 kB
dist/assets/ShellView.vue2-Bm50fEQF.js                11.69 kB │ gzip:   3.98 kB
dist/assets/index.vue-ChLPqNFw.js                     11.72 kB │ gzip:   3.97 kB
dist/assets/index.vue-BGYu7NUV.js                     12.75 kB │ gzip:   3.62 kB
dist/assets/index.vue-CGj_gxvI.js                     12.87 kB │ gzip:   4.87 kB
dist/assets/index.vue-CDvTmgXh.js                     13.65 kB │ gzip:   5.31 kB
dist/assets/index.vue-CglFQnRf.js                     13.77 kB │ gzip:   4.56 kB
dist/assets/_plugin-vue_export-helper-CtbOnrXg.js     14.68 kB │ gzip:   3.85 kB
dist/assets/index.vue-Djt9Btyh.js                     14.88 kB │ gzip:   4.84 kB
dist/assets/index.vue-Q5lLGV1C.js                     15.26 kB │ gzip:   4.91 kB
dist/assets/index.vue-Bj3mr5Q7.js                     15.38 kB │ gzip:   5.57 kB
dist/assets/index.vue2-DnG3yoww.js                    16.19 kB │ gzip:   5.76 kB
dist/assets/settings.vue-xHv9eCeU.js                  17.43 kB │ gzip:   4.06 kB
dist/assets/javascript-BSaz_ipU.js                    18.42 kB │ gzip:   6.20 kB
dist/assets/MUpload.vue-CleH9Niw.js                   18.79 kB │ gzip:   7.19 kB
dist/assets/index.vue-oEIDTwrH.js                     20.28 kB │ gzip:   6.18 kB
dist/assets/index.vue-Bb148G5P.js                     20.97 kB │ gzip:   7.11 kB
dist/assets/clike-BaYTib2B.js                         21.51 kB │ gzip:   7.68 kB
dist/assets/index.vue-CuMJVwrr.js                     24.89 kB │ gzip:   8.49 kB
dist/assets/index.vue-DtSZTghy.js                     25.59 kB │ gzip:   6.48 kB
dist/assets/css-BSQM-_rg.js                           27.81 kB │ gzip:   8.77 kB
dist/assets/markdown-0k35bGPV.js                      28.21 kB │ gzip:   9.05 kB
dist/assets/index.vue-CgMUt590.js                     29.22 kB │ gzip:   9.46 kB
dist/assets/index.vue-DheNT8Yr.js                     31.66 kB │ gzip:   8.91 kB
dist/assets/index.vue-zij4iAF0.js                     32.77 kB │ gzip:   9.03 kB
dist/assets/index.vue-wm5ycNhx.js                     34.66 kB │ gzip:  11.07 kB
dist/assets/sql-BExBhE5p.js                           47.92 kB │ gzip:  14.19 kB
dist/assets/index-Ol1ynAH3.js                         58.37 kB │ gzip:  15.66 kB
dist/assets/runtimeForm-DWOENjyI.js                   79.65 kB │ gzip:  25.09 kB
dist/assets/index-DLI7TVXF.js                         81.74 kB │ gzip:  23.83 kB
dist/assets/index.vue-OTasCzXH.js                    123.90 kB │ gzip:  36.86 kB
dist/assets/codemirror-6CGJ-Jnl.js                   174.07 kB │ gzip:  58.19 kB
dist/assets/icon-C9BNl37F.js                       1,055.19 kB │ gzip: 327.68 kB
dist/assets/index-D9TudqEd.js                      1,302.06 kB │ gzip: 416.20 kB
dist/assets/style-Bzw89j5S.js                      1,970.91 kB │ gzip: 669.14 kB
✓ built in 10.14s
node_modules/.pnpm/@vueuse+core@14.3.0_vue@3.5.35_typescript@5.9.3_/node_modules/@vueuse/core/dist/index.js (3362:0): A comment

"/* #__PURE__ */"

in "node_modules/.pnpm/@vueuse+core@14.3.0_vue@3.5.35_typescript@5.9.3_/node_modules/@vueuse/core/dist/index.js" contains an annotation that Rollup cannot interpret due to the position of the comment. The comment will be removed to avoid issues.
node_modules/.pnpm/@vueuse+core@14.3.0_vue@3.5.35_typescript@5.9.3_/node_modules/@vueuse/core/dist/index.js (5780:22): A comment

"/* #__PURE__ */"

in "node_modules/.pnpm/@vueuse+core@14.3.0_vue@3.5.35_typescript@5.9.3_/node_modules/@vueuse/core/dist/index.js" contains an annotation that Rollup cannot interpret due to the position of the comment. The comment will be removed to avoid issues.

(!) Some chunks are larger than 500 kB after minification. Consider:
- Using dynamic import() to code-split the application
- Use build.rollupOptions.output.manualChunks to improve chunking: https://rollupjs.org/configuration-options/#output-manualchunks
- Adjust chunk size limit for this warning via build.chunkSizeWarningLimit.
