16135:2026-06-26 10:51:19.095 [main] INFO  o.f.core.internal.command.DbMigrate - [traceId=] Migrating schema `mango_dev_846baf` to version "1 - init resource registry"
16136:2026-06-26 10:51:19.115 [main] INFO  o.f.core.internal.command.DbMigrate - [traceId=] Migrating schema `mango_dev_846baf` to version "2 - add resource registry audit user columns"
31006:==> Parameters: AUTH_MENU(String), authorization.menu.internal-admin(String)
31024:==> Parameters: AUTH_MENU(String), authorization.menu.user-role.internal-admin(String)
31042:==> Parameters: AUTH_MENU(String), system.menu.internal-admin(String)
31060:==> Parameters: AUTH_MENU(String), system.menu.account.internal-admin(String)
31078:==> Parameters: AUTH_MENU(String), domain.menu.internal-admin(String)
31096:==> Parameters: AUTH_MENU(String), notice.menu.internal-admin(String)
31114:==> Parameters: AUTH_MENU(String), file.menu.internal-admin(String)
31132:==> Parameters: AUTH_MENU(String), template.menu.internal-admin(String)
31150:==> Parameters: AUTH_MENU(String), workflow.menu.internal-admin(String)
31168:==> Parameters: AUTH_MENU(String), job.menu.internal-admin(String)
31186:==> Parameters: AUTH_MENU(String), cms.menu.internal-admin(String)
31204:==> Parameters: AUTH_MENU(String), calendar.menu.internal-admin(String)
31222:==> Parameters: AUTH_MENU(String), numgen.menu.internal-admin(String)
31240:==> Parameters: AUTH_MENU(String), payment.menu.internal-admin(String)
31294:==> Parameters: BUSINESS_DOMAIN(String), auth.domain.auth(String)
31942:==> Parameters: BUSINESS_DOMAIN(String), domain.common(String)
31960:==> Parameters: BUSINESS_DOMAIN(String), domain.notice(String)
31978:==> Parameters: BUSINESS_DOMAIN(String), domain.workflow(String)
31996:==> Parameters: BUSINESS_DOMAIN(String), domain.cms(String)
32014:==> Parameters: BUSINESS_DOMAIN(String), notice.domain.notice(String)
32086:==> Parameters: BUSINESS_DOMAIN(String), file.domain.file(String)
32212:==> Parameters: BUSINESS_DOMAIN(String), template.domain.template(String)
