
> mode-micro-platform@1.0.0 build /private/var/folders/v3/xy1sw5vj1czc1qkwhhh0g4v40000gn/T/mango-mode-matrix-e2e-mHVEkG/mode-micro-platform
> pnpm -r build

Scope: 4 of 5 workspace projects
frontend/apps/mode-micro-platform-remote build$ vite build
frontend/packages/guarantee-api build$ pnpm typecheck
frontend/packages/guarantee-api build: > @mode-micro-platform/guarantee-api@1.0.0 typecheck /private/var/folders/v3/xy1sw5vj1czc1qkwhhh0g4v40000gn/T/mango-mode-matrix-e2e-mHVEkG/mode-micro-platform/frontend/packages/guarantee-api
frontend/packages/guarantee-api build: > vue-tsc --noEmit -p tsconfig.json
frontend/packages/guarantee-api build: Done
frontend/apps/mode-micro-platform-remote build: vite v5.4.21 building for production...
frontend/apps/mode-micro-platform-remote build: transforming...
frontend/apps/mode-micro-platform-remote build: ✓ 9 modules transformed.
frontend/apps/mode-micro-platform-remote build: rendering chunks...
frontend/apps/mode-micro-platform-remote build: computing gzip size...
frontend/apps/mode-micro-platform-remote build: dist/index.html                  0.28 kB │ gzip:  0.21 kB
frontend/apps/mode-micro-platform-remote build: dist/assets/index-DGVnVIqU.css   1.73 kB │ gzip:  0.65 kB
frontend/apps/mode-micro-platform-remote build: dist/assets/index-Bs-DKn6X.js   63.37 kB │ gzip: 25.15 kB
frontend/apps/mode-micro-platform-remote build: ✓ built in 288ms
frontend/apps/mode-micro-platform-remote build: Done
frontend/packages/guarantee build$ pnpm typecheck
frontend/packages/guarantee build: > @mode-micro-platform/guarantee@1.0.0 typecheck /private/var/folders/v3/xy1sw5vj1czc1qkwhhh0g4v40000gn/T/mango-mode-matrix-e2e-mHVEkG/mode-micro-platform/frontend/packages/guarantee
frontend/packages/guarantee build: > vue-tsc --noEmit -p tsconfig.json
frontend/packages/guarantee build: Done
frontend/apps/mode-micro-platform-admin build$ pnpm typecheck && vite build
frontend/apps/mode-micro-platform-admin build: > mode-micro-platform-admin@1.0.0 typecheck /private/var/folders/v3/xy1sw5vj1czc1qkwhhh0g4v40000gn/T/mango-mode-matrix-e2e-mHVEkG/mode-micro-platform/frontend/apps/mode-micro-platform-admin
frontend/apps/mode-micro-platform-admin build: > vue-tsc --noEmit -p tsconfig.json
frontend/apps/mode-micro-platform-admin build: vite v5.4.21 building for production...
frontend/apps/mode-micro-platform-admin build: transforming...
frontend/apps/mode-micro-platform-admin build: ../../../node_modules/.pnpm/@vueuse+core@14.3.0_vue@3.5.35_typescript@5.9.3_/node_modules/@vueuse/core/dist/index.js (3362:0): A comment
frontend/apps/mode-micro-platform-admin build: "/* #__PURE__ */"
frontend/apps/mode-micro-platform-admin build: in "../../../node_modules/.pnpm/@vueuse+core@14.3.0_vue@3.5.35_typescript@5.9.3_/node_modules/@vueuse/core/dist/index.js" contains an annotation that Rollup cannot interpret due to the position of the comment. The comment will be removed to avoid issues.
frontend/apps/mode-micro-platform-admin build: ../../../node_modules/.pnpm/@vueuse+core@14.3.0_vue@3.5.35_typescript@5.9.3_/node_modules/@vueuse/core/dist/index.js (5780:22): A comment
frontend/apps/mode-micro-platform-admin build: "/* #__PURE__ */"
frontend/apps/mode-micro-platform-admin build: in "../../../node_modules/.pnpm/@vueuse+core@14.3.0_vue@3.5.35_typescript@5.9.3_/node_modules/@vueuse/core/dist/index.js" contains an annotation that Rollup cannot interpret due to the position of the comment. The comment will be removed to avoid issues.
frontend/apps/mode-micro-platform-admin build: ✓ 2740 modules transformed.
frontend/apps/mode-micro-platform-admin build: rendering chunks...
frontend/apps/mode-micro-platform-admin build: computing gzip size...
frontend/apps/mode-micro-platform-admin build: dist/index.html                                        0.41 kB │ gzip:   0.28 kB
frontend/apps/mode-micro-platform-admin build: dist/assets/fc-icons-BjnjLEor.woff                    17.44 kB
frontend/apps/mode-micro-platform-admin build: dist/assets/index-DxAjuSg3.css                         0.47 kB │ gzip:   0.21 kB
frontend/apps/mode-micro-platform-admin build: dist/assets/icon-Byp_cd-K.css                         16.09 kB │ gzip:   4.05 kB
frontend/apps/mode-micro-platform-admin build: dist/assets/style-CTjwcune.css                        25.02 kB │ gzip:   4.67 kB
frontend/apps/mode-micro-platform-admin build: dist/assets/index-B6CIJ_09.css                       387.47 kB │ gzip:  52.64 kB
frontend/apps/mode-micro-platform-admin build: dist/assets/_plugin-vue_export-helper-DlAUqK2U.js      0.09 kB │ gzip:   0.10 kB
frontend/apps/mode-micro-platform-admin build: dist/assets/_plugin-vue_export-helper-BffYpcM-.js      0.09 kB │ gzip:   0.10 kB
frontend/apps/mode-micro-platform-admin build: dist/assets/_plugin-vue_export-helper-b8p_N644.js      0.09 kB │ gzip:   0.10 kB
frontend/apps/mode-micro-platform-admin build: dist/assets/_plugin-vue_export-helper-B-KA9PqK.js      0.09 kB │ gzip:   0.10 kB
frontend/apps/mode-micro-platform-admin build: dist/assets/_plugin-vue_export-helper-B4PAZYor.js      0.09 kB │ gzip:   0.10 kB
frontend/apps/mode-micro-platform-admin build: dist/assets/_plugin-vue_export-helper-zd69ZYyU.js      0.21 kB │ gzip:   0.18 kB
frontend/apps/mode-micro-platform-admin build: dist/assets/businessApply-BKzMXNZn.js                  0.22 kB │ gzip:   0.18 kB
frontend/apps/mode-micro-platform-admin build: dist/assets/index.vue2-CcQoxDJ6.js                     0.29 kB │ gzip:   0.23 kB
frontend/apps/mode-micro-platform-admin build: dist/assets/index.vue2-wjrrtL-Q.js                     0.29 kB │ gzip:   0.23 kB
frontend/apps/mode-micro-platform-admin build: dist/assets/menuPackage-DxsNSikg.js                    0.38 kB │ gzip:   0.20 kB
frontend/apps/mode-micro-platform-admin build: dist/assets/formatTime-BSK6ffaY.js                     0.47 kB │ gzip:   0.26 kB
frontend/apps/mode-micro-platform-admin build: dist/assets/codemirror-CQFB5XCr.js                     0.50 kB │ gzip:   0.36 kB
frontend/apps/mode-micro-platform-admin build: dist/assets/javascript-7AFGRmSB.js                     0.50 kB │ gzip:   0.36 kB
frontend/apps/mode-micro-platform-admin build: dist/assets/sys-hQbieOzi.js                            0.55 kB │ gzip:   0.29 kB
frontend/apps/mode-micro-platform-admin build: dist/assets/404.vue-n6y5vEJ-.js                        0.56 kB │ gzip:   0.42 kB
frontend/apps/mode-micro-platform-admin build: dist/assets/org-B3JZ4rtj.js                            0.66 kB │ gzip:   0.34 kB
frontend/apps/mode-micro-platform-admin build: dist/assets/role-BTaq46f-.js                           0.67 kB │ gzip:   0.28 kB
frontend/apps/mode-micro-platform-admin build: dist/assets/index.vue-Oq_ahGfC.js                      0.69 kB │ gzip:   0.42 kB
frontend/apps/mode-micro-platform-admin build: dist/assets/breadcrumb.vue-CpTV9Isv.js                 0.73 kB │ gzip:   0.48 kB
frontend/apps/mode-micro-platform-admin build: dist/assets/iconConfig-C24DnqwC.js                     0.74 kB │ gzip:   0.46 kB
frontend/apps/mode-micro-platform-admin build: dist/assets/index-CetsKmRU.js                          0.74 kB │ gzip:   0.40 kB
frontend/apps/mode-micro-platform-admin build: dist/assets/header.vue-C6c4aTmQ.js                     0.86 kB │ gzip:   0.52 kB
frontend/apps/mode-micro-platform-admin build: dist/assets/index.vue-B1X5hnwn.js                      0.88 kB │ gzip:   0.54 kB
frontend/apps/mode-micro-platform-admin build: dist/assets/post-B9orPURp.js                           0.93 kB │ gzip:   0.39 kB
frontend/apps/mode-micro-platform-admin build: dist/assets/menu-DkAKKfwr.js                           0.98 kB │ gzip:   0.45 kB
frontend/apps/mode-micro-platform-admin build: dist/assets/useDict-CKw0KKYd.js                        1.03 kB │ gzip:   0.56 kB
frontend/apps/mode-micro-platform-admin build: dist/assets/businessApproval-Dsiysvqr.js               1.03 kB │ gzip:   0.49 kB
frontend/apps/mode-micro-platform-admin build: dist/assets/tagsViewRoutes-q9MSzLCF.js                 1.07 kB │ gzip:   0.60 kB
frontend/apps/mode-micro-platform-admin build: dist/assets/subItem.vue--JwUHTdF.js                    1.11 kB │ gzip:   0.54 kB
frontend/apps/mode-micro-platform-admin build: dist/assets/workflowFormConfig-DV0KMwwn.js             1.12 kB │ gzip:   0.46 kB
frontend/apps/mode-micro-platform-admin build: dist/assets/horizontal.vue-BGFOxItx.js                 1.16 kB │ gzip:   0.56 kB
frontend/apps/mode-micro-platform-admin build: dist/assets/index-BLuqMipt.js                          1.18 kB │ gzip:   0.52 kB
frontend/apps/mode-micro-platform-admin build: dist/assets/index.vue-Cb15bs8J.js                      1.22 kB │ gzip:   0.63 kB
frontend/apps/mode-micro-platform-admin build: dist/assets/index.vue-B80ltkNk.js                      1.26 kB │ gzip:   0.62 kB
frontend/apps/mode-micro-platform-admin build: dist/assets/app-pY_IwGyX.js                            1.49 kB │ gzip:   0.61 kB
frontend/apps/mode-micro-platform-admin build: dist/assets/active-line-C0OOyBH5.js                    1.72 kB │ gzip:   0.84 kB
frontend/apps/mode-micro-platform-admin build: dist/assets/user.vue-TQ6un5vx.js                       1.80 kB │ gzip:   0.96 kB
frontend/apps/mode-micro-platform-admin build: dist/assets/vertical.vue-lHX2i0M_.js                   1.88 kB │ gzip:   0.89 kB
frontend/apps/mode-micro-platform-admin build: dist/assets/index.vue-BBIWHt7m.js                      1.90 kB │ gzip:   1.15 kB
frontend/apps/mode-micro-platform-admin build: dist/assets/log-C-abz54n.js                            1.93 kB │ gzip:   0.79 kB
frontend/apps/mode-micro-platform-admin build: dist/assets/index.vue-eFCJ1dBy.js                      2.11 kB │ gzip:   0.93 kB
frontend/apps/mode-micro-platform-admin build: dist/assets/template-C7VU9qS5.js                       2.14 kB │ gzip:   0.70 kB
frontend/apps/mode-micro-platform-admin build: dist/assets/index.vue-EmQuqGn5.js                      2.28 kB │ gzip:   0.85 kB
frontend/apps/mode-micro-platform-admin build: dist/assets/password.vue-BwhdCqRG.js                   2.83 kB │ gzip:   1.29 kB
frontend/apps/mode-micro-platform-admin build: dist/assets/columnsAside.vue-CVYIIt7M.js               2.89 kB │ gzip:   1.42 kB
frontend/apps/mode-micro-platform-admin build: dist/assets/index-DhREbuEb.js                          3.01 kB │ gzip:   1.48 kB
frontend/apps/mode-micro-platform-admin build: dist/assets/aside.vue-B5XhHVrz.js                      3.04 kB │ gzip:   1.41 kB
frontend/apps/mode-micro-platform-admin build: dist/assets/main.vue-BaUNJx2N.js                       3.17 kB │ gzip:   1.67 kB
frontend/apps/mode-micro-platform-admin build: dist/assets/htmlmixed-DxvLGfib.js                      3.32 kB │ gzip:   1.56 kB
frontend/apps/mode-micro-platform-admin build: dist/assets/index.vue-CExABNa3.js                      3.34 kB │ gzip:   1.41 kB
frontend/apps/mode-micro-platform-admin build: dist/assets/profile.vue-Be9BT5_y.js                    3.47 kB │ gzip:   1.54 kB
frontend/apps/mode-micro-platform-admin build: dist/assets/matchbrackets-DsOzz3mW.js                  3.51 kB │ gzip:   1.59 kB
frontend/apps/mode-micro-platform-admin build: dist/assets/tagsView.vue-B9HJWWG0.js                   3.61 kB │ gzip:   1.66 kB
frontend/apps/mode-micro-platform-admin build: dist/assets/closebrackets-B4xAPoWY.js                  4.00 kB │ gzip:   1.72 kB
frontend/apps/mode-micro-platform-admin build: dist/assets/index.vue-B3Q9_3OB.js                      4.20 kB │ gzip:   2.01 kB
frontend/apps/mode-micro-platform-admin build: dist/assets/index.vue-DZQHTwPO.js                      4.74 kB │ gzip:   2.26 kB
frontend/apps/mode-micro-platform-admin build: dist/assets/index.vue-CipFgBSo.js                      4.75 kB │ gzip:   2.12 kB
frontend/apps/mode-micro-platform-admin build: dist/assets/index.vue-C88iiaZC.js                      4.91 kB │ gzip:   2.11 kB
frontend/apps/mode-micro-platform-admin build: dist/assets/_plugin-vue_export-helper-a_P5SAbQ.js      4.99 kB │ gzip:   1.72 kB
frontend/apps/mode-micro-platform-admin build: dist/assets/fileSettings-C6reDxLa.js                   5.22 kB │ gzip:   1.46 kB
frontend/apps/mode-micro-platform-admin build: dist/assets/FilePreviewPanel.vue-DwIQQTI_.js           5.22 kB │ gzip:   2.23 kB
frontend/apps/mode-micro-platform-admin build: dist/assets/index.vue-DH5yN7XP.js                      5.34 kB │ gzip:   3.10 kB
frontend/apps/mode-micro-platform-admin build: dist/assets/index.vue-BAO29qAr.js                      5.91 kB │ gzip:   2.35 kB
frontend/apps/mode-micro-platform-admin build: dist/assets/index.vue-BhNPzPAr.js                      5.99 kB │ gzip:   2.58 kB
frontend/apps/mode-micro-platform-admin build: dist/assets/index.vue-CIzmT9RQ.js                      6.49 kB │ gzip:   2.57 kB
frontend/apps/mode-micro-platform-admin build: dist/assets/xml-D_ycSCXU.js                            6.49 kB │ gzip:   2.60 kB
frontend/apps/mode-micro-platform-admin build: dist/assets/index.vue-Bodtf89P.js                      6.60 kB │ gzip:   2.57 kB
frontend/apps/mode-micro-platform-admin build: dist/assets/menuHost-aNTOQz4D.js                       6.63 kB │ gzip:   2.55 kB
frontend/apps/mode-micro-platform-admin build: dist/assets/index.vue2-jS_rWfth.js                     6.92 kB │ gzip:   2.87 kB
frontend/apps/mode-micro-platform-admin build: dist/assets/python-C4Rtuaej.js                         7.07 kB │ gzip:   3.06 kB
frontend/apps/mode-micro-platform-admin build: dist/assets/index.vue-dNn7tUaJ.js                      7.09 kB │ gzip:   2.62 kB
frontend/apps/mode-micro-platform-admin build: dist/assets/login.vue-CQKOwWN1.js                      7.12 kB │ gzip:   2.85 kB
frontend/apps/mode-micro-platform-admin build: dist/assets/index.vue-B5Cr-672.js                      7.15 kB │ gzip:   2.68 kB
frontend/apps/mode-micro-platform-admin build: dist/assets/index.vue-oQCx81V2.js                      7.45 kB │ gzip:   3.08 kB
frontend/apps/mode-micro-platform-admin build: dist/assets/index.vue-CruwojYV.js                      7.96 kB │ gzip:   2.66 kB
frontend/apps/mode-micro-platform-admin build: dist/assets/index.vue-DuiZIhmx.js                      8.04 kB │ gzip:   3.12 kB
frontend/apps/mode-micro-platform-admin build: dist/assets/index.vue-Cv0yW4EX.js                      8.68 kB │ gzip:   3.27 kB
frontend/apps/mode-micro-platform-admin build: dist/assets/index.vue-CtE-h1ix.js                      9.10 kB │ gzip:   4.09 kB
frontend/apps/mode-micro-platform-admin build: dist/assets/index.vue-BIVy6wWG.js                      9.21 kB │ gzip:   3.48 kB
frontend/apps/mode-micro-platform-admin build: dist/assets/index.vue-BA3rLxao.js                      9.51 kB │ gzip:   3.52 kB
frontend/apps/mode-micro-platform-admin build: dist/assets/index.vue-j8z969qB.js                     10.60 kB │ gzip:   4.02 kB
frontend/apps/mode-micro-platform-admin build: dist/assets/index.vue-BSmDOWa0.js                     11.37 kB │ gzip:   3.95 kB
frontend/apps/mode-micro-platform-admin build: dist/assets/ShellView.vue2-BP6eAFp3.js                11.69 kB │ gzip:   3.98 kB
frontend/apps/mode-micro-platform-admin build: dist/assets/index.vue-Ckf6YOLy.js                     11.72 kB │ gzip:   3.97 kB
frontend/apps/mode-micro-platform-admin build: dist/assets/index.vue-DiG19Emu.js                     12.75 kB │ gzip:   3.62 kB
frontend/apps/mode-micro-platform-admin build: dist/assets/index.vue-D_n8zheF.js                     12.87 kB │ gzip:   4.87 kB
frontend/apps/mode-micro-platform-admin build: dist/assets/index.vue-DjAZbg7J.js                     13.65 kB │ gzip:   5.31 kB
frontend/apps/mode-micro-platform-admin build: dist/assets/index.vue-CDsw8pC6.js                     13.77 kB │ gzip:   4.56 kB
frontend/apps/mode-micro-platform-admin build: dist/assets/_plugin-vue_export-helper-BuEiUHph.js     14.68 kB │ gzip:   3.85 kB
frontend/apps/mode-micro-platform-admin build: dist/assets/index.vue-Bmo2m9T5.js                     14.88 kB │ gzip:   4.84 kB
frontend/apps/mode-micro-platform-admin build: dist/assets/index.vue-BIt_W9OA.js                     15.26 kB │ gzip:   4.91 kB
frontend/apps/mode-micro-platform-admin build: dist/assets/index.vue-9o3Nowcq.js                     15.38 kB │ gzip:   5.57 kB
frontend/apps/mode-micro-platform-admin build: dist/assets/index.vue2-M5uT8Bv1.js                    16.19 kB │ gzip:   5.76 kB
frontend/apps/mode-micro-platform-admin build: dist/assets/settings.vue-CxVTkC1x.js                  17.43 kB │ gzip:   4.06 kB
frontend/apps/mode-micro-platform-admin build: dist/assets/javascript-jF-TX6Lq.js                    17.99 kB │ gzip:   5.98 kB
frontend/apps/mode-micro-platform-admin build: dist/assets/MUpload.vue-CLlmm2iL.js                   18.79 kB │ gzip:   7.19 kB
frontend/apps/mode-micro-platform-admin build: dist/assets/index.vue-BrSaVSwc.js                     20.28 kB │ gzip:   6.18 kB
frontend/apps/mode-micro-platform-admin build: dist/assets/index.vue-CUp8XFo8.js                     20.97 kB │ gzip:   7.11 kB
frontend/apps/mode-micro-platform-admin build: dist/assets/clike-BK9qiBem.js                         21.51 kB │ gzip:   7.68 kB
frontend/apps/mode-micro-platform-admin build: dist/assets/index.vue-CblYN1yA.js                     24.89 kB │ gzip:   8.48 kB
frontend/apps/mode-micro-platform-admin build: dist/assets/index.vue-BsL7mOT6.js                     25.59 kB │ gzip:   6.48 kB
frontend/apps/mode-micro-platform-admin build: dist/assets/css-BaAn7Uc3.js                           27.81 kB │ gzip:   8.78 kB
frontend/apps/mode-micro-platform-admin build: dist/assets/markdown-CEOj0WDi.js                      28.21 kB │ gzip:   9.05 kB
frontend/apps/mode-micro-platform-admin build: dist/assets/index.vue-oPeA7-vN.js                     29.22 kB │ gzip:   9.46 kB
frontend/apps/mode-micro-platform-admin build: dist/assets/index.vue-D6Givl7y.js                     31.66 kB │ gzip:   8.91 kB
frontend/apps/mode-micro-platform-admin build: dist/assets/index.vue-CzpQJ4QG.js                     32.77 kB │ gzip:   9.03 kB
frontend/apps/mode-micro-platform-admin build: dist/assets/index.vue-Cd-9ao-a.js                     34.69 kB │ gzip:  11.09 kB
frontend/apps/mode-micro-platform-admin build: dist/assets/sql-C6gt5aTU.js                           47.92 kB │ gzip:  14.19 kB
frontend/apps/mode-micro-platform-admin build: dist/assets/index-DSI6II2L.js                         58.37 kB │ gzip:  15.66 kB
frontend/apps/mode-micro-platform-admin build: dist/assets/runtimeForm-B0kHRlVg.js                   79.65 kB │ gzip:  25.09 kB
frontend/apps/mode-micro-platform-admin build: dist/assets/index-DzoWOSGb.js                         81.74 kB │ gzip:  23.83 kB
frontend/apps/mode-micro-platform-admin build: dist/assets/index.vue-54K2a_6n.js                    123.90 kB │ gzip:  36.86 kB
frontend/apps/mode-micro-platform-admin build: dist/assets/codemirror-bdjQ1Mnb.js                   174.07 kB │ gzip:  58.19 kB
frontend/apps/mode-micro-platform-admin build: dist/assets/icon-BpJVLruv.js                       1,055.19 kB │ gzip: 327.68 kB
frontend/apps/mode-micro-platform-admin build: dist/assets/index-DfZBqIcf.js                      1,302.94 kB │ gzip: 416.24 kB
frontend/apps/mode-micro-platform-admin build: dist/assets/style-CtB824ZK.js                      1,970.91 kB │ gzip: 669.14 kB
frontend/apps/mode-micro-platform-admin build: ✓ built in 9.90s
frontend/apps/mode-micro-platform-admin build: (!) Some chunks are larger than 500 kB after minification. Consider:
frontend/apps/mode-micro-platform-admin build: - Using dynamic import() to code-split the application
frontend/apps/mode-micro-platform-admin build: - Use build.rollupOptions.output.manualChunks to improve chunking: https://rollupjs.org/configuration-options/#output-manualchunks
frontend/apps/mode-micro-platform-admin build: - Adjust chunk size limit for this warning via build.chunkSizeWarningLimit.
frontend/apps/mode-micro-platform-admin build: Done
