vite v5.4.21 building for production...
transforming...
✓ 2730 modules transformed.
rendering chunks...
computing gzip size...
dist/index.html                                        0.17 kB │ gzip:   0.15 kB
dist/assets/fc-icons-BjnjLEor.woff                    17.44 kB
dist/assets/icon-Byp_cd-K.css                         16.09 kB │ gzip:   4.05 kB
dist/assets/style-CTjwcune.css                        25.02 kB │ gzip:   4.67 kB
dist/assets/index-B6CIJ_09.css                       387.47 kB │ gzip:  52.64 kB
dist/assets/_plugin-vue_export-helper-DlAUqK2U.js      0.09 kB │ gzip:   0.10 kB
dist/assets/_plugin-vue_export-helper-BffYpcM-.js      0.09 kB │ gzip:   0.10 kB
dist/assets/_plugin-vue_export-helper-b8p_N644.js      0.09 kB │ gzip:   0.10 kB
dist/assets/_plugin-vue_export-helper-B-KA9PqK.js      0.09 kB │ gzip:   0.10 kB
dist/assets/_plugin-vue_export-helper-B4PAZYor.js      0.09 kB │ gzip:   0.10 kB
dist/assets/_plugin-vue_export-helper-WZUIUdCn.js      0.21 kB │ gzip:   0.18 kB
dist/assets/businessApply-BKzMXNZn.js                  0.22 kB │ gzip:   0.18 kB
dist/assets/index.vue2-B5amSVch.js                     0.29 kB │ gzip:   0.23 kB
dist/assets/index.vue2-Gb1irEDV.js                     0.29 kB │ gzip:   0.23 kB
dist/assets/menuPackage-BYQHVfeW.js                    0.38 kB │ gzip:   0.20 kB
dist/assets/formatTime-BSK6ffaY.js                     0.47 kB │ gzip:   0.26 kB
dist/assets/css-Bu90bbG0.js                            0.50 kB │ gzip:   0.36 kB
dist/assets/codemirror-D3aDuJnx.js                     0.50 kB │ gzip:   0.36 kB
dist/assets/javascript-D-8mZH6W.js                     0.50 kB │ gzip:   0.36 kB
dist/assets/sys-uPXxIOVa.js                            0.55 kB │ gzip:   0.29 kB
dist/assets/404.vue-DhwUgpkk.js                        0.56 kB │ gzip:   0.42 kB
dist/assets/org-Casup4Zk.js                            0.66 kB │ gzip:   0.34 kB
dist/assets/role-5iBVxJuj.js                           0.67 kB │ gzip:   0.28 kB
dist/assets/index.vue-CK6URUTx.js                      0.69 kB │ gzip:   0.42 kB
dist/assets/breadcrumb.vue-BmM1CAYu.js                 0.73 kB │ gzip:   0.48 kB
dist/assets/iconConfig-CTWhS6W8.js                     0.74 kB │ gzip:   0.46 kB
dist/assets/index-B8YvWC_Z.js                          0.74 kB │ gzip:   0.40 kB
dist/assets/header.vue-DiED1Vwk.js                     0.86 kB │ gzip:   0.52 kB
dist/assets/index.vue-D5oW5SIZ.js                      0.88 kB │ gzip:   0.54 kB
dist/assets/post-CanNOGop.js                           0.93 kB │ gzip:   0.39 kB
dist/assets/menu-D74TTnFn.js                           0.98 kB │ gzip:   0.45 kB
dist/assets/useDict-PpPkD3rP.js                        1.03 kB │ gzip:   0.56 kB
dist/assets/businessApproval-Dsiysvqr.js               1.03 kB │ gzip:   0.49 kB
dist/assets/tagsViewRoutes-Bsq1gMXU.js                 1.07 kB │ gzip:   0.60 kB
dist/assets/subItem.vue-C3WuYqca.js                    1.11 kB │ gzip:   0.54 kB
dist/assets/workflowFormConfig-DV0KMwwn.js             1.12 kB │ gzip:   0.46 kB
dist/assets/horizontal.vue-BVi6figk.js                 1.16 kB │ gzip:   0.56 kB
dist/assets/index-BE8_09qm.js                          1.18 kB │ gzip:   0.52 kB
dist/assets/index.vue-BjhDHA56.js                      1.22 kB │ gzip:   0.63 kB
dist/assets/index.vue-CZYw8oa4.js                      1.26 kB │ gzip:   0.63 kB
dist/assets/app-BgzF9w61.js                            1.49 kB │ gzip:   0.61 kB
dist/assets/active-line-CMr2PHzU.js                    1.72 kB │ gzip:   0.84 kB
dist/assets/user.vue-X3A7AIMY.js                       1.80 kB │ gzip:   0.96 kB
dist/assets/vertical.vue-BI4AZUXf.js                   1.88 kB │ gzip:   0.89 kB
dist/assets/index.vue-CaxLLdiw.js                      1.90 kB │ gzip:   1.15 kB
dist/assets/log-ChYn0j-I.js                            1.93 kB │ gzip:   0.79 kB
dist/assets/index.vue-CE-66HBt.js                      2.11 kB │ gzip:   0.93 kB
dist/assets/template-CSfv7GJx.js                       2.14 kB │ gzip:   0.70 kB
dist/assets/index.vue-Cab_TEgk.js                      2.28 kB │ gzip:   0.85 kB
dist/assets/password.vue-BnSLpaWv.js                   2.83 kB │ gzip:   1.29 kB
dist/assets/columnsAside.vue-CTfrGs9M.js               2.89 kB │ gzip:   1.42 kB
dist/assets/aside.vue-C5zlA-OP.js                      3.04 kB │ gzip:   1.41 kB
dist/assets/main.vue-B4bYVirt.js                       3.17 kB │ gzip:   1.67 kB
dist/assets/htmlmixed-BUebze-g.js                      3.32 kB │ gzip:   1.55 kB
dist/assets/index.vue-DuZRW3MY.js                      3.34 kB │ gzip:   1.42 kB
dist/assets/profile.vue-C1qiyBij.js                    3.47 kB │ gzip:   1.54 kB
dist/assets/matchbrackets-Dx4BdKPE.js                  3.51 kB │ gzip:   1.60 kB
dist/assets/tagsView.vue-BY7RZAlr.js                   3.61 kB │ gzip:   1.66 kB
dist/assets/closebrackets-bGX5X5Gl.js                  4.00 kB │ gzip:   1.72 kB
dist/assets/index.vue-CtKwu11R.js                      4.20 kB │ gzip:   2.01 kB
dist/assets/index.vue-BMGMseiY.js                      4.74 kB │ gzip:   2.26 kB
dist/assets/index.vue-BRDjIk7p.js                      4.75 kB │ gzip:   2.12 kB
dist/assets/index.vue-Bywt30E3.js                      4.91 kB │ gzip:   2.11 kB
dist/assets/_plugin-vue_export-helper-0joZDQac.js      4.99 kB │ gzip:   1.72 kB
dist/assets/fileSettings-iQVCdQLi.js                   5.22 kB │ gzip:   1.46 kB
dist/assets/FilePreviewPanel.vue-DqA319Fh.js           5.22 kB │ gzip:   2.23 kB
dist/assets/index.vue-z_sagOje.js                      5.34 kB │ gzip:   3.10 kB
dist/assets/index.vue-D09pnS4_.js                      5.91 kB │ gzip:   2.35 kB
dist/assets/index.vue-BpLec2tA.js                      5.99 kB │ gzip:   2.58 kB
dist/assets/index.vue-BihDKofi.js                      6.49 kB │ gzip:   2.57 kB
dist/assets/xml-F7mCCred.js                            6.49 kB │ gzip:   2.60 kB
dist/assets/index.vue-D6DOw33X.js                      6.60 kB │ gzip:   2.57 kB
dist/assets/menuHost-CnHKUyHq.js                       6.63 kB │ gzip:   2.55 kB
dist/assets/index.vue2-C7I3ptvh.js                     6.92 kB │ gzip:   2.87 kB
dist/assets/python-DWzz6B1-.js                         7.07 kB │ gzip:   3.06 kB
dist/assets/index.vue-DLXU0mdh.js                      7.09 kB │ gzip:   2.62 kB
dist/assets/login.vue-CBZl9igw.js                      7.12 kB │ gzip:   2.85 kB
dist/assets/index.vue-vbEE_naN.js                      7.15 kB │ gzip:   2.68 kB
dist/assets/index.vue-C5E5DSKP.js                      7.45 kB │ gzip:   3.08 kB
dist/assets/index.vue-DHG4uTcC.js                      7.96 kB │ gzip:   2.66 kB
dist/assets/index.vue-Co-iq-7B.js                      8.04 kB │ gzip:   3.12 kB
dist/assets/index.vue-DdVNLup_.js                      8.68 kB │ gzip:   3.27 kB
dist/assets/index.vue-0VOEYSQ6.js                      9.10 kB │ gzip:   4.09 kB
dist/assets/index.vue-B9O1QM0C.js                      9.21 kB │ gzip:   3.48 kB
dist/assets/index.vue-BbUt0E-6.js                      9.51 kB │ gzip:   3.52 kB
dist/assets/index.vue-Bb9cCLS5.js                     10.60 kB │ gzip:   4.02 kB
dist/assets/index.vue-5yDtE9HZ.js                     11.37 kB │ gzip:   3.95 kB
dist/assets/ShellView.vue2-BwF4Cm6I.js                11.69 kB │ gzip:   3.97 kB
dist/assets/index.vue-C6imAApv.js                     11.72 kB │ gzip:   3.97 kB
dist/assets/index.vue-BnCVNT4-.js                     12.75 kB │ gzip:   3.62 kB
dist/assets/index.vue-BWp_IWos.js                     12.87 kB │ gzip:   4.87 kB
dist/assets/index.vue-BRckr0D9.js                     13.65 kB │ gzip:   5.31 kB
dist/assets/index.vue-CJ1ZXLxO.js                     13.77 kB │ gzip:   4.56 kB
dist/assets/_plugin-vue_export-helper-DwmB9u4d.js     14.68 kB │ gzip:   3.85 kB
dist/assets/index.vue-BeO0wnBv.js                     14.88 kB │ gzip:   4.84 kB
dist/assets/index.vue-CevrjW5Y.js                     15.26 kB │ gzip:   4.91 kB
dist/assets/index.vue-DjWSHwwV.js                     15.38 kB │ gzip:   5.56 kB
dist/assets/index.vue2-BbFuOh44.js                    16.19 kB │ gzip:   5.76 kB
dist/assets/settings.vue-BYDno5H8.js                  17.43 kB │ gzip:   4.06 kB
dist/assets/javascript-Dq9Q2Qjx.js                    17.99 kB │ gzip:   5.98 kB
dist/assets/MUpload.vue-BWGnCLml.js                   18.79 kB │ gzip:   7.19 kB
dist/assets/index.vue-CaT2mQM6.js                     20.28 kB │ gzip:   6.18 kB
dist/assets/index.vue-B_ed_iaZ.js                     20.97 kB │ gzip:   7.11 kB
dist/assets/clike-DJ7a23vg.js                         21.51 kB │ gzip:   7.68 kB
dist/assets/index.vue-BQRn0r5c.js                     24.89 kB │ gzip:   8.48 kB
dist/assets/index.vue-CvloSD0Q.js                     25.59 kB │ gzip:   6.47 kB
dist/assets/css-kcM9qBb2.js                           27.39 kB │ gzip:   8.55 kB
dist/assets/markdown-DjRwEq_E.js                      28.21 kB │ gzip:   9.05 kB
dist/assets/index.vue-CFs1B9wk.js                     29.22 kB │ gzip:   9.46 kB
dist/assets/index.vue-D9_vtU07.js                     31.66 kB │ gzip:   8.91 kB
dist/assets/index.vue-8E9MXOHT.js                     32.77 kB │ gzip:   9.03 kB
dist/assets/index.vue-CvpOrqmj.js                     34.72 kB │ gzip:  11.10 kB
dist/assets/sql-CnAYEwh4.js                           47.92 kB │ gzip:  14.19 kB
dist/assets/index-Baj33feX.js                         58.37 kB │ gzip:  15.66 kB
dist/assets/runtimeForm-Div8F3Lo.js                   79.65 kB │ gzip:  25.09 kB
dist/assets/index-AvgFCCon.js                         81.74 kB │ gzip:  23.83 kB
dist/assets/index.vue-D5aL2pH0.js                    123.90 kB │ gzip:  36.86 kB
dist/assets/codemirror-DQqBEXnI.js                   174.07 kB │ gzip:  58.19 kB
dist/assets/icon-tSHAJOEp.js                       1,055.19 kB │ gzip: 327.68 kB
dist/assets/index-DqehQm1G.js                      1,301.23 kB │ gzip: 415.89 kB
dist/assets/style-4pygTthg.js                      1,970.91 kB │ gzip: 669.14 kB
✓ built in 10.21s
node_modules/.pnpm/@vueuse+core@14.3.0_vue@3.5.35_typescript@5.9.3_/node_modules/@vueuse/core/dist/index.js (3362:0): A comment

"/* #__PURE__ */"

in "node_modules/.pnpm/@vueuse+core@14.3.0_vue@3.5.35_typescript@5.9.3_/node_modules/@vueuse/core/dist/index.js" contains an annotation that Rollup cannot interpret due to the position of the comment. The comment will be removed to avoid issues.
node_modules/.pnpm/@vueuse+core@14.3.0_vue@3.5.35_typescript@5.9.3_/node_modules/@vueuse/core/dist/index.js (5780:22): A comment

"/* #__PURE__ */"

in "node_modules/.pnpm/@vueuse+core@14.3.0_vue@3.5.35_typescript@5.9.3_/node_modules/@vueuse/core/dist/index.js" contains an annotation that Rollup cannot interpret due to the position of the comment. The comment will be removed to avoid issues.

(!) Some chunks are larger than 500 kB after minification. Consider:
- Using dynamic import() to code-split the application
- Use build.rollupOptions.output.manualChunks to improve chunking: https://rollupjs.org/configuration-options/#output-manualchunks
- Adjust chunk size limit for this warning via build.chunkSizeWarningLimit.
