
> mode-local-platform@1.0.0 build /private/var/folders/v3/xy1sw5vj1czc1qkwhhh0g4v40000gn/T/mango-mode-matrix-e2e-sf1njl/mode-local-platform
> pnpm -r build

Scope: 3 of 4 workspace projects
frontend/packages/guarantee-api build$ pnpm typecheck
frontend/packages/guarantee-api build: > @mode-local-platform/guarantee-api@1.0.0 typecheck /private/var/folders/v3/xy1sw5vj1czc1qkwhhh0g4v40000gn/T/mango-mode-matrix-e2e-sf1njl/mode-local-platform/frontend/packages/guarantee-api
frontend/packages/guarantee-api build: > vue-tsc --noEmit -p tsconfig.json
frontend/packages/guarantee-api build: Done
frontend/packages/guarantee-admin build$ pnpm typecheck
frontend/packages/guarantee-admin build: > @mode-local-platform/guarantee-admin@1.0.0 typecheck /private/var/folders/v3/xy1sw5vj1czc1qkwhhh0g4v40000gn/T/mango-mode-matrix-e2e-sf1njl/mode-local-platform/frontend/packages/guarantee-admin
frontend/packages/guarantee-admin build: > vue-tsc --noEmit -p tsconfig.json
frontend/packages/guarantee-admin build: Done
frontend/apps/mode-local-platform-admin build$ pnpm typecheck && vite build
frontend/apps/mode-local-platform-admin build: > mode-local-platform-admin@1.0.0 typecheck /private/var/folders/v3/xy1sw5vj1czc1qkwhhh0g4v40000gn/T/mango-mode-matrix-e2e-sf1njl/mode-local-platform/frontend/apps/mode-local-platform-admin
frontend/apps/mode-local-platform-admin build: > vue-tsc --noEmit -p tsconfig.json
frontend/apps/mode-local-platform-admin build: vite v5.4.21 building for production...
frontend/apps/mode-local-platform-admin build: transforming...
frontend/apps/mode-local-platform-admin build: ../../../node_modules/.pnpm/@vueuse+core@14.3.0_vue@3.5.35_typescript@5.9.3_/node_modules/@vueuse/core/dist/index.js (3362:0): A comment
frontend/apps/mode-local-platform-admin build: "/* #__PURE__ */"
frontend/apps/mode-local-platform-admin build: in "../../../node_modules/.pnpm/@vueuse+core@14.3.0_vue@3.5.35_typescript@5.9.3_/node_modules/@vueuse/core/dist/index.js" contains an annotation that Rollup cannot interpret due to the position of the comment. The comment will be removed to avoid issues.
frontend/apps/mode-local-platform-admin build: ../../../node_modules/.pnpm/@vueuse+core@14.3.0_vue@3.5.35_typescript@5.9.3_/node_modules/@vueuse/core/dist/index.js (5780:22): A comment
frontend/apps/mode-local-platform-admin build: "/* #__PURE__ */"
frontend/apps/mode-local-platform-admin build: in "../../../node_modules/.pnpm/@vueuse+core@14.3.0_vue@3.5.35_typescript@5.9.3_/node_modules/@vueuse/core/dist/index.js" contains an annotation that Rollup cannot interpret due to the position of the comment. The comment will be removed to avoid issues.
frontend/apps/mode-local-platform-admin build: ✓ 2740 modules transformed.
frontend/apps/mode-local-platform-admin build: rendering chunks...
frontend/apps/mode-local-platform-admin build: computing gzip size...
frontend/apps/mode-local-platform-admin build: dist/index.html                                        0.41 kB │ gzip:   0.29 kB
frontend/apps/mode-local-platform-admin build: dist/assets/fc-icons-BjnjLEor.woff                    17.44 kB
frontend/apps/mode-local-platform-admin build: dist/assets/index-iU8lOcJG.css                         0.47 kB │ gzip:   0.21 kB
frontend/apps/mode-local-platform-admin build: dist/assets/icon-Byp_cd-K.css                         16.09 kB │ gzip:   4.05 kB
frontend/apps/mode-local-platform-admin build: dist/assets/style-CTjwcune.css                        25.02 kB │ gzip:   4.67 kB
frontend/apps/mode-local-platform-admin build: dist/assets/index-B6CIJ_09.css                       387.47 kB │ gzip:  52.64 kB
frontend/apps/mode-local-platform-admin build: dist/assets/_plugin-vue_export-helper-DlAUqK2U.js      0.09 kB │ gzip:   0.10 kB
frontend/apps/mode-local-platform-admin build: dist/assets/_plugin-vue_export-helper-BffYpcM-.js      0.09 kB │ gzip:   0.10 kB
frontend/apps/mode-local-platform-admin build: dist/assets/_plugin-vue_export-helper-b8p_N644.js      0.09 kB │ gzip:   0.10 kB
frontend/apps/mode-local-platform-admin build: dist/assets/_plugin-vue_export-helper-B-KA9PqK.js      0.09 kB │ gzip:   0.10 kB
frontend/apps/mode-local-platform-admin build: dist/assets/_plugin-vue_export-helper-B4PAZYor.js      0.09 kB │ gzip:   0.10 kB
frontend/apps/mode-local-platform-admin build: dist/assets/_plugin-vue_export-helper-uhd4CM7m.js      0.21 kB │ gzip:   0.18 kB
frontend/apps/mode-local-platform-admin build: dist/assets/businessApply-BKzMXNZn.js                  0.22 kB │ gzip:   0.18 kB
frontend/apps/mode-local-platform-admin build: dist/assets/index.vue2-DZyfgS0h.js                     0.29 kB │ gzip:   0.23 kB
frontend/apps/mode-local-platform-admin build: dist/assets/index.vue2-CLCW-8y_.js                     0.29 kB │ gzip:   0.23 kB
frontend/apps/mode-local-platform-admin build: dist/assets/menuPackage-fug8X1lI.js                    0.38 kB │ gzip:   0.20 kB
frontend/apps/mode-local-platform-admin build: dist/assets/formatTime-BSK6ffaY.js                     0.47 kB │ gzip:   0.26 kB
frontend/apps/mode-local-platform-admin build: dist/assets/codemirror-DDE1fG_Y.js                     0.50 kB │ gzip:   0.36 kB
frontend/apps/mode-local-platform-admin build: dist/assets/sys-DHMixSNq.js                            0.55 kB │ gzip:   0.29 kB
frontend/apps/mode-local-platform-admin build: dist/assets/404.vue-jHc3P-uk.js                        0.56 kB │ gzip:   0.42 kB
frontend/apps/mode-local-platform-admin build: dist/assets/org-CFrBfpjX.js                            0.66 kB │ gzip:   0.34 kB
frontend/apps/mode-local-platform-admin build: dist/assets/role-y8Ihmt9K.js                           0.67 kB │ gzip:   0.28 kB
frontend/apps/mode-local-platform-admin build: dist/assets/index.vue-DhbGQ-Jj.js                      0.69 kB │ gzip:   0.42 kB
frontend/apps/mode-local-platform-admin build: dist/assets/breadcrumb.vue-BjhmOeOL.js                 0.73 kB │ gzip:   0.48 kB
frontend/apps/mode-local-platform-admin build: dist/assets/iconConfig-DkwQYelT.js                     0.74 kB │ gzip:   0.46 kB
frontend/apps/mode-local-platform-admin build: dist/assets/index-ByRphSAr.js                          0.74 kB │ gzip:   0.40 kB
frontend/apps/mode-local-platform-admin build: dist/assets/header.vue-Y0qaIbBa.js                     0.86 kB │ gzip:   0.52 kB
frontend/apps/mode-local-platform-admin build: dist/assets/index.vue-BNHIqdRw.js                      0.88 kB │ gzip:   0.54 kB
frontend/apps/mode-local-platform-admin build: dist/assets/post-BKK11AnT.js                           0.93 kB │ gzip:   0.40 kB
frontend/apps/mode-local-platform-admin build: dist/assets/menu-CdvgRwTJ.js                           0.98 kB │ gzip:   0.46 kB
frontend/apps/mode-local-platform-admin build: dist/assets/useDict-DEpkaWy-.js                        1.03 kB │ gzip:   0.56 kB
frontend/apps/mode-local-platform-admin build: dist/assets/businessApproval-Dsiysvqr.js               1.03 kB │ gzip:   0.49 kB
frontend/apps/mode-local-platform-admin build: dist/assets/tagsViewRoutes-CmYyH-xj.js                 1.07 kB │ gzip:   0.60 kB
frontend/apps/mode-local-platform-admin build: dist/assets/subItem.vue-C1tlq4X_.js                    1.11 kB │ gzip:   0.54 kB
frontend/apps/mode-local-platform-admin build: dist/assets/workflowFormConfig-DV0KMwwn.js             1.12 kB │ gzip:   0.46 kB
frontend/apps/mode-local-platform-admin build: dist/assets/horizontal.vue-CNpgkle5.js                 1.16 kB │ gzip:   0.56 kB
frontend/apps/mode-local-platform-admin build: dist/assets/index-D8xUdeaX.js                          1.18 kB │ gzip:   0.52 kB
frontend/apps/mode-local-platform-admin build: dist/assets/index.vue-Dvlj6r3n.js                      1.22 kB │ gzip:   0.63 kB
frontend/apps/mode-local-platform-admin build: dist/assets/index.vue-BGn4E0Rm.js                      1.26 kB │ gzip:   0.63 kB
frontend/apps/mode-local-platform-admin build: dist/assets/app-DhuXqLz4.js                            1.49 kB │ gzip:   0.61 kB
frontend/apps/mode-local-platform-admin build: dist/assets/active-line-lQQTJWly.js                    1.72 kB │ gzip:   0.85 kB
frontend/apps/mode-local-platform-admin build: dist/assets/user.vue-BZZFUOut.js                       1.80 kB │ gzip:   0.96 kB
frontend/apps/mode-local-platform-admin build: dist/assets/vertical.vue-D2wz50ow.js                   1.88 kB │ gzip:   0.89 kB
frontend/apps/mode-local-platform-admin build: dist/assets/index.vue-oZRk6nYT.js                      1.90 kB │ gzip:   1.15 kB
frontend/apps/mode-local-platform-admin build: dist/assets/log-JBcF4Ix2.js                            1.93 kB │ gzip:   0.80 kB
frontend/apps/mode-local-platform-admin build: dist/assets/index.vue-B4pptz4M.js                      2.11 kB │ gzip:   0.93 kB
frontend/apps/mode-local-platform-admin build: dist/assets/template-1nzSmMwp.js                       2.14 kB │ gzip:   0.70 kB
frontend/apps/mode-local-platform-admin build: dist/assets/index.vue-DK0uqaKI.js                      2.28 kB │ gzip:   0.85 kB
frontend/apps/mode-local-platform-admin build: dist/assets/password.vue-j-6ZoTGx.js                   2.83 kB │ gzip:   1.29 kB
frontend/apps/mode-local-platform-admin build: dist/assets/columnsAside.vue-B_teDdU6.js               2.89 kB │ gzip:   1.42 kB
frontend/apps/mode-local-platform-admin build: dist/assets/index-BdgySeC1.js                          3.01 kB │ gzip:   1.47 kB
frontend/apps/mode-local-platform-admin build: dist/assets/aside.vue-COPXrKaf.js                      3.04 kB │ gzip:   1.40 kB
frontend/apps/mode-local-platform-admin build: dist/assets/main.vue-CJklQXPb.js                       3.17 kB │ gzip:   1.67 kB
frontend/apps/mode-local-platform-admin build: dist/assets/htmlmixed-DjaGAX5k.js                      3.32 kB │ gzip:   1.56 kB
frontend/apps/mode-local-platform-admin build: dist/assets/index.vue-BiZYUDLL.js                      3.34 kB │ gzip:   1.41 kB
frontend/apps/mode-local-platform-admin build: dist/assets/profile.vue-B749oaGc.js                    3.47 kB │ gzip:   1.54 kB
frontend/apps/mode-local-platform-admin build: dist/assets/matchbrackets-BzDBnEs5.js                  3.51 kB │ gzip:   1.59 kB
frontend/apps/mode-local-platform-admin build: dist/assets/tagsView.vue-pE8gBibT.js                   3.61 kB │ gzip:   1.66 kB
frontend/apps/mode-local-platform-admin build: dist/assets/closebrackets-C_87wE70.js                  4.00 kB │ gzip:   1.72 kB
frontend/apps/mode-local-platform-admin build: dist/assets/index.vue-D8nhaLoC.js                      4.20 kB │ gzip:   2.01 kB
frontend/apps/mode-local-platform-admin build: dist/assets/index.vue-CawyM778.js                      4.74 kB │ gzip:   2.26 kB
frontend/apps/mode-local-platform-admin build: dist/assets/index.vue-DvOt8WLh.js                      4.75 kB │ gzip:   2.12 kB
frontend/apps/mode-local-platform-admin build: dist/assets/index.vue-BnTCx7lr.js                      4.91 kB │ gzip:   2.11 kB
frontend/apps/mode-local-platform-admin build: dist/assets/_plugin-vue_export-helper-CEMCGwwp.js      4.99 kB │ gzip:   1.72 kB
frontend/apps/mode-local-platform-admin build: dist/assets/fileSettings-KJQdRuQG.js                   5.22 kB │ gzip:   1.46 kB
frontend/apps/mode-local-platform-admin build: dist/assets/FilePreviewPanel.vue-CYFicuG3.js           5.22 kB │ gzip:   2.23 kB
frontend/apps/mode-local-platform-admin build: dist/assets/index.vue-ek4yBQH3.js                      5.34 kB │ gzip:   3.10 kB
frontend/apps/mode-local-platform-admin build: dist/assets/index.vue-BYERJLi2.js                      5.91 kB │ gzip:   2.35 kB
frontend/apps/mode-local-platform-admin build: dist/assets/index.vue-CLAaLuNI.js                      5.99 kB │ gzip:   2.58 kB
frontend/apps/mode-local-platform-admin build: dist/assets/index.vue-BD_XaS9q.js                      6.49 kB │ gzip:   2.57 kB
frontend/apps/mode-local-platform-admin build: dist/assets/xml-E7m2PVkW.js                            6.49 kB │ gzip:   2.60 kB
frontend/apps/mode-local-platform-admin build: dist/assets/index.vue-D9ks7Iof.js                      6.60 kB │ gzip:   2.57 kB
frontend/apps/mode-local-platform-admin build: dist/assets/menuHost-Dm47My1q.js                       6.63 kB │ gzip:   2.55 kB
frontend/apps/mode-local-platform-admin build: dist/assets/index.vue2-PIm2pa9k.js                     6.92 kB │ gzip:   2.87 kB
frontend/apps/mode-local-platform-admin build: dist/assets/python-oL651_fK.js                         7.07 kB │ gzip:   3.06 kB
frontend/apps/mode-local-platform-admin build: dist/assets/index.vue-C6erFIZC.js                      7.09 kB │ gzip:   2.62 kB
frontend/apps/mode-local-platform-admin build: dist/assets/login.vue-DuVKOe03.js                      7.12 kB │ gzip:   2.85 kB
frontend/apps/mode-local-platform-admin build: dist/assets/index.vue-ChG4WhV6.js                      7.15 kB │ gzip:   2.68 kB
frontend/apps/mode-local-platform-admin build: dist/assets/index.vue-DHXbrwO7.js                      7.45 kB │ gzip:   3.09 kB
frontend/apps/mode-local-platform-admin build: dist/assets/index.vue-Ck0JiiCr.js                      7.96 kB │ gzip:   2.66 kB
frontend/apps/mode-local-platform-admin build: dist/assets/index.vue-Mm564LCS.js                      8.04 kB │ gzip:   3.12 kB
frontend/apps/mode-local-platform-admin build: dist/assets/index.vue-HRd7Cb3e.js                      8.68 kB │ gzip:   3.27 kB
frontend/apps/mode-local-platform-admin build: dist/assets/index.vue-SkEn7BR9.js                      9.10 kB │ gzip:   4.09 kB
frontend/apps/mode-local-platform-admin build: dist/assets/index.vue-CfTuswuX.js                      9.21 kB │ gzip:   3.48 kB
frontend/apps/mode-local-platform-admin build: dist/assets/index.vue-C_zPNY-b.js                      9.51 kB │ gzip:   3.51 kB
frontend/apps/mode-local-platform-admin build: dist/assets/index.vue-CUCjnGwD.js                     10.60 kB │ gzip:   4.03 kB
frontend/apps/mode-local-platform-admin build: dist/assets/index.vue-MQqTcTTR.js                     11.37 kB │ gzip:   3.96 kB
frontend/apps/mode-local-platform-admin build: dist/assets/ShellView.vue2-DdRdNtNQ.js                11.69 kB │ gzip:   3.97 kB
frontend/apps/mode-local-platform-admin build: dist/assets/index.vue-Dlw1qlBq.js                     11.72 kB │ gzip:   3.97 kB
frontend/apps/mode-local-platform-admin build: dist/assets/index.vue-D6b3YB1j.js                     12.75 kB │ gzip:   3.62 kB
frontend/apps/mode-local-platform-admin build: dist/assets/index.vue-rZ5VXOjX.js                     12.87 kB │ gzip:   4.87 kB
frontend/apps/mode-local-platform-admin build: dist/assets/index.vue-DhmIK1C3.js                     13.65 kB │ gzip:   5.31 kB
frontend/apps/mode-local-platform-admin build: dist/assets/index.vue-CbOUVCJE.js                     13.77 kB │ gzip:   4.56 kB
frontend/apps/mode-local-platform-admin build: dist/assets/_plugin-vue_export-helper-CSyLKN4n.js     14.68 kB │ gzip:   3.85 kB
frontend/apps/mode-local-platform-admin build: dist/assets/index.vue-CDYZ9Bcq.js                     14.88 kB │ gzip:   4.84 kB
frontend/apps/mode-local-platform-admin build: dist/assets/index.vue-4OKR2f_T.js                     15.26 kB │ gzip:   4.91 kB
frontend/apps/mode-local-platform-admin build: dist/assets/index.vue-MRUS_CDT.js                     15.38 kB │ gzip:   5.57 kB
frontend/apps/mode-local-platform-admin build: dist/assets/index.vue2-ChaUhTxF.js                    16.19 kB │ gzip:   5.76 kB
frontend/apps/mode-local-platform-admin build: dist/assets/settings.vue-C1WvhFZH.js                  17.43 kB │ gzip:   4.06 kB
frontend/apps/mode-local-platform-admin build: dist/assets/javascript-DyD6hexi.js                    18.42 kB │ gzip:   6.20 kB
frontend/apps/mode-local-platform-admin build: dist/assets/MUpload.vue-DO8PPtQq.js                   18.79 kB │ gzip:   7.19 kB
frontend/apps/mode-local-platform-admin build: dist/assets/index.vue-RQ6HczLw.js                     20.28 kB │ gzip:   6.18 kB
frontend/apps/mode-local-platform-admin build: dist/assets/index.vue-CDzBFDwy.js                     20.97 kB │ gzip:   7.11 kB
frontend/apps/mode-local-platform-admin build: dist/assets/clike-4Cf7QeY3.js                         21.51 kB │ gzip:   7.68 kB
frontend/apps/mode-local-platform-admin build: dist/assets/index.vue-BTbBpUAf.js                     24.89 kB │ gzip:   8.48 kB
frontend/apps/mode-local-platform-admin build: dist/assets/index.vue-hRLzVWXF.js                     25.59 kB │ gzip:   6.48 kB
frontend/apps/mode-local-platform-admin build: dist/assets/css-DIWO6YJT.js                           27.81 kB │ gzip:   8.78 kB
frontend/apps/mode-local-platform-admin build: dist/assets/markdown-CHKvEbCx.js                      28.21 kB │ gzip:   9.05 kB
frontend/apps/mode-local-platform-admin build: dist/assets/index.vue-BwUwBPqd.js                     29.22 kB │ gzip:   9.46 kB
frontend/apps/mode-local-platform-admin build: dist/assets/index.vue-BpVUi2Ul.js                     31.66 kB │ gzip:   8.91 kB
frontend/apps/mode-local-platform-admin build: dist/assets/index.vue-D_Tr9TrG.js                     32.77 kB │ gzip:   9.03 kB
frontend/apps/mode-local-platform-admin build: dist/assets/index.vue-C0N43K2v.js                     34.66 kB │ gzip:  11.07 kB
frontend/apps/mode-local-platform-admin build: dist/assets/sql-XU3VPF0N.js                           47.92 kB │ gzip:  14.19 kB
frontend/apps/mode-local-platform-admin build: dist/assets/index-9LI8gGkg.js                         58.37 kB │ gzip:  15.66 kB
frontend/apps/mode-local-platform-admin build: dist/assets/runtimeForm-DKVuPt7g.js                   79.65 kB │ gzip:  25.09 kB
frontend/apps/mode-local-platform-admin build: dist/assets/index-D8uvieFL.js                         81.74 kB │ gzip:  23.83 kB
frontend/apps/mode-local-platform-admin build: dist/assets/index.vue-DJ9ak9iJ.js                    123.90 kB │ gzip:  36.86 kB
frontend/apps/mode-local-platform-admin build: dist/assets/codemirror-CRs_Xtpi.js                   174.07 kB │ gzip:  58.19 kB
frontend/apps/mode-local-platform-admin build: dist/assets/icon-CHlhx-pf.js                       1,055.19 kB │ gzip: 327.68 kB
frontend/apps/mode-local-platform-admin build: dist/assets/index-DFBiG52Y.js                      1,302.71 kB │ gzip: 416.21 kB
frontend/apps/mode-local-platform-admin build: dist/assets/style-CV_0fw6J.js                      1,970.91 kB │ gzip: 669.14 kB
frontend/apps/mode-local-platform-admin build: ✓ built in 10.35s
frontend/apps/mode-local-platform-admin build: (!) Some chunks are larger than 500 kB after minification. Consider:
frontend/apps/mode-local-platform-admin build: - Using dynamic import() to code-split the application
frontend/apps/mode-local-platform-admin build: - Use build.rollupOptions.output.manualChunks to improve chunking: https://rollupjs.org/configuration-options/#output-manualchunks
frontend/apps/mode-local-platform-admin build: - Adjust chunk size limit for this warning via build.chunkSizeWarningLimit.
frontend/apps/mode-local-platform-admin build: Done
