Scope: all 4 workspace projects
Progress: resolved 1, reused 0, downloaded 0, added 0
Progress: resolved 19, reused 19, downloaded 0, added 0
Progress: resolved 102, reused 99, downloaded 0, added 0
Progress: resolved 309, reused 263, downloaded 0, added 0
frontend/apps/upgrade-platform-admin     |  WARN  deprecated vue-i18n@9.14.5
 WARN  4 deprecated subdependencies found: codemirror@6.65.7, glob@7.2.3, inflight@1.0.6, lodash.isequal@4.5.0
Packages: +268
++++++++++++++++++++++++++++++++++++++++++++++++++++++++++++++++++++++++++++++++
Progress: resolved 314, reused 268, downloaded 0, added 61
Progress: resolved 314, reused 268, downloaded 0, added 205
Progress: resolved 314, reused 268, downloaded 0, added 268, done
 WARN  Issues with peer dependencies found
frontend/apps/upgrade-platform-admin
└─┬ @mango/admin-pages 1.0.0
  ├─┬ @mango/auth-admin 1.0.0
  │ └── ✕ unmet peer @mango/admin-pages@file:/var/folders/v3/xy1sw5vj1czc1qkwhhh0g4v40000gn/T/mango-generated-upgrade-e2e-CYoFmw/staged-packages/mango-admin-pages: found 1.0.0
  ├─┬ @mango/file-admin 1.0.0
  │ └── ✕ unmet peer @mango/admin-pages@file:/var/folders/v3/xy1sw5vj1czc1qkwhhh0g4v40000gn/T/mango-generated-upgrade-e2e-CYoFmw/staged-packages/mango-admin-pages: found 1.0.0
  ├─┬ @mango/notice-admin 1.0.0
  │ └── ✕ unmet peer @mango/admin-pages@file:/var/folders/v3/xy1sw5vj1czc1qkwhhh0g4v40000gn/T/mango-generated-upgrade-e2e-CYoFmw/staged-packages/mango-admin-pages: found 1.0.0
  ├─┬ @mango/numgen-admin 1.0.0
  │ └── ✕ unmet peer @mango/admin-pages@file:/var/folders/v3/xy1sw5vj1czc1qkwhhh0g4v40000gn/T/mango-generated-upgrade-e2e-CYoFmw/staged-packages/mango-admin-pages: found 1.0.0
  ├─┬ @mango/calendar-admin 1.0.0
  │ └── ✕ unmet peer @mango/admin-pages@file:/var/folders/v3/xy1sw5vj1czc1qkwhhh0g4v40000gn/T/mango-generated-upgrade-e2e-CYoFmw/staged-packages/mango-admin-pages: found 1.0.0
  ├─┬ @mango/system-admin 1.0.0
  │ └── ✕ unmet peer @mango/admin-pages@file:/var/folders/v3/xy1sw5vj1czc1qkwhhh0g4v40000gn/T/mango-generated-upgrade-e2e-CYoFmw/staged-packages/mango-admin-pages: found 1.0.0
  ├─┬ @mango/template-admin 1.0.0
  │ └── ✕ unmet peer @mango/admin-pages@file:/var/folders/v3/xy1sw5vj1czc1qkwhhh0g4v40000gn/T/mango-generated-upgrade-e2e-CYoFmw/staged-packages/mango-admin-pages: found 1.0.0
  ├─┬ @mango/rbac-admin 1.0.0
  │ └── ✕ unmet peer @mango/admin-pages@file:/var/folders/v3/xy1sw5vj1czc1qkwhhh0g4v40000gn/T/mango-generated-upgrade-e2e-CYoFmw/staged-packages/mango-admin-pages: found 1.0.0
  └─┬ @mango/workflow-admin 1.0.0
    └── ✕ unmet peer @mango/admin-pages@file:/var/folders/v3/xy1sw5vj1czc1qkwhhh0g4v40000gn/T/mango-generated-upgrade-e2e-CYoFmw/staged-packages/mango-admin-pages: found 1.0.0

frontend/packages/guarantee-admin
└─┬ @mango/admin-pages 1.0.0
  ├─┬ @mango/auth-admin 1.0.0
  │ └── ✕ unmet peer @mango/admin-pages@file:/var/folders/v3/xy1sw5vj1czc1qkwhhh0g4v40000gn/T/mango-generated-upgrade-e2e-CYoFmw/staged-packages/mango-admin-pages: found 1.0.0
  ├─┬ @mango/file-admin 1.0.0
  │ └── ✕ unmet peer @mango/admin-pages@file:/var/folders/v3/xy1sw5vj1czc1qkwhhh0g4v40000gn/T/mango-generated-upgrade-e2e-CYoFmw/staged-packages/mango-admin-pages: found 1.0.0
  ├─┬ @mango/notice-admin 1.0.0
  │ └── ✕ unmet peer @mango/admin-pages@file:/var/folders/v3/xy1sw5vj1czc1qkwhhh0g4v40000gn/T/mango-generated-upgrade-e2e-CYoFmw/staged-packages/mango-admin-pages: found 1.0.0
  ├─┬ @mango/numgen-admin 1.0.0
  │ └── ✕ unmet peer @mango/admin-pages@file:/var/folders/v3/xy1sw5vj1czc1qkwhhh0g4v40000gn/T/mango-generated-upgrade-e2e-CYoFmw/staged-packages/mango-admin-pages: found 1.0.0
  ├─┬ @mango/calendar-admin 1.0.0
  │ └── ✕ unmet peer @mango/admin-pages@file:/var/folders/v3/xy1sw5vj1czc1qkwhhh0g4v40000gn/T/mango-generated-upgrade-e2e-CYoFmw/staged-packages/mango-admin-pages: found 1.0.0
  ├─┬ @mango/system-admin 1.0.0
  │ └── ✕ unmet peer @mango/admin-pages@file:/var/folders/v3/xy1sw5vj1czc1qkwhhh0g4v40000gn/T/mango-generated-upgrade-e2e-CYoFmw/staged-packages/mango-admin-pages: found 1.0.0
  ├─┬ @mango/template-admin 1.0.0
  │ └── ✕ unmet peer @mango/admin-pages@file:/var/folders/v3/xy1sw5vj1czc1qkwhhh0g4v40000gn/T/mango-generated-upgrade-e2e-CYoFmw/staged-packages/mango-admin-pages: found 1.0.0
  ├─┬ @mango/rbac-admin 1.0.0
  │ └── ✕ unmet peer @mango/admin-pages@file:/var/folders/v3/xy1sw5vj1czc1qkwhhh0g4v40000gn/T/mango-generated-upgrade-e2e-CYoFmw/staged-packages/mango-admin-pages: found 1.0.0
  └─┬ @mango/workflow-admin 1.0.0
    └── ✕ unmet peer @mango/admin-pages@file:/var/folders/v3/xy1sw5vj1czc1qkwhhh0g4v40000gn/T/mango-generated-upgrade-e2e-CYoFmw/staged-packages/mango-admin-pages: found 1.0.0

devDependencies:
+ @types/node 20.19.41 (25.9.1 is available)
+ @vitejs/plugin-vue 5.2.4 (6.0.7 is available)
+ typescript 5.9.3 (6.0.3 is available)
+ vite 5.4.21 (8.0.14 is available)
+ vue-tsc 2.2.12 (3.3.2 is available)

Done in 5.9s using pnpm v10.33.0
