Scope: all 4 workspace projects
Progress: resolved 1, reused 0, downloaded 0, added 0
Progress: resolved 308, reused 262, downloaded 0, added 0
frontend/apps/upgrade-platform-admin     |  WARN  deprecated vue-i18n@9.14.5
 WARN  4 deprecated subdependencies found: codemirror@6.65.7, glob@7.2.3, inflight@1.0.6, lodash.isequal@4.5.0
Packages: +34
++++++++++++++++++++++++++++++++++
Progress: resolved 314, reused 268, downloaded 0, added 34, done
 WARN  Issues with peer dependencies found
frontend/apps/upgrade-platform-admin
└─┬ @mango/admin-pages 1.0.0
  ├─┬ @mango/notice-admin 1.0.0
  │ └── ✕ unmet peer @mango/admin-pages@file:/var/folders/v3/xy1sw5vj1czc1qkwhhh0g4v40000gn/T/mango-generated-upgrade-e2e-CYoFmw/staged-packages/mango-admin-pages: found 1.0.0
  ├─┬ @mango/auth-admin 1.0.0
  │ └── ✕ unmet peer @mango/admin-pages@file:/var/folders/v3/xy1sw5vj1czc1qkwhhh0g4v40000gn/T/mango-generated-upgrade-e2e-CYoFmw/staged-packages/mango-admin-pages: found 1.0.0
  ├─┬ @mango/file-admin 1.0.0
  │ └── ✕ unmet peer @mango/admin-pages@file:/var/folders/v3/xy1sw5vj1czc1qkwhhh0g4v40000gn/T/mango-generated-upgrade-e2e-CYoFmw/staged-packages/mango-admin-pages: found 1.0.0
  ├─┬ @mango/calendar-admin 1.0.0
  │ └── ✕ unmet peer @mango/admin-pages@file:/var/folders/v3/xy1sw5vj1czc1qkwhhh0g4v40000gn/T/mango-generated-upgrade-e2e-CYoFmw/staged-packages/mango-admin-pages: found 1.0.0
  ├─┬ @mango/rbac-admin 1.0.0
  │ └── ✕ unmet peer @mango/admin-pages@file:/var/folders/v3/xy1sw5vj1czc1qkwhhh0g4v40000gn/T/mango-generated-upgrade-e2e-CYoFmw/staged-packages/mango-admin-pages: found 1.0.0
  ├─┬ @mango/system-admin 1.0.0
  │ └── ✕ unmet peer @mango/admin-pages@file:/var/folders/v3/xy1sw5vj1czc1qkwhhh0g4v40000gn/T/mango-generated-upgrade-e2e-CYoFmw/staged-packages/mango-admin-pages: found 1.0.0
  ├─┬ @mango/workflow-admin 1.0.0
  │ └── ✕ unmet peer @mango/admin-pages@file:/var/folders/v3/xy1sw5vj1czc1qkwhhh0g4v40000gn/T/mango-generated-upgrade-e2e-CYoFmw/staged-packages/mango-admin-pages: found 1.0.0
  ├─┬ @mango/template-admin 1.0.0
  │ └── ✕ unmet peer @mango/admin-pages@file:/var/folders/v3/xy1sw5vj1czc1qkwhhh0g4v40000gn/T/mango-generated-upgrade-e2e-CYoFmw/staged-packages/mango-admin-pages: found 1.0.0
  └─┬ @mango/numgen-admin 1.0.0
    └── ✕ unmet peer @mango/admin-pages@file:/var/folders/v3/xy1sw5vj1czc1qkwhhh0g4v40000gn/T/mango-generated-upgrade-e2e-CYoFmw/staged-packages/mango-admin-pages: found 1.0.0

frontend/packages/guarantee-admin
└─┬ @mango/admin-pages 1.0.0
  ├─┬ @mango/notice-admin 1.0.0
  │ └── ✕ unmet peer @mango/admin-pages@file:/var/folders/v3/xy1sw5vj1czc1qkwhhh0g4v40000gn/T/mango-generated-upgrade-e2e-CYoFmw/staged-packages/mango-admin-pages: found 1.0.0
  ├─┬ @mango/auth-admin 1.0.0
  │ └── ✕ unmet peer @mango/admin-pages@file:/var/folders/v3/xy1sw5vj1czc1qkwhhh0g4v40000gn/T/mango-generated-upgrade-e2e-CYoFmw/staged-packages/mango-admin-pages: found 1.0.0
  ├─┬ @mango/file-admin 1.0.0
  │ └── ✕ unmet peer @mango/admin-pages@file:/var/folders/v3/xy1sw5vj1czc1qkwhhh0g4v40000gn/T/mango-generated-upgrade-e2e-CYoFmw/staged-packages/mango-admin-pages: found 1.0.0
  ├─┬ @mango/calendar-admin 1.0.0
  │ └── ✕ unmet peer @mango/admin-pages@file:/var/folders/v3/xy1sw5vj1czc1qkwhhh0g4v40000gn/T/mango-generated-upgrade-e2e-CYoFmw/staged-packages/mango-admin-pages: found 1.0.0
  ├─┬ @mango/rbac-admin 1.0.0
  │ └── ✕ unmet peer @mango/admin-pages@file:/var/folders/v3/xy1sw5vj1czc1qkwhhh0g4v40000gn/T/mango-generated-upgrade-e2e-CYoFmw/staged-packages/mango-admin-pages: found 1.0.0
  ├─┬ @mango/system-admin 1.0.0
  │ └── ✕ unmet peer @mango/admin-pages@file:/var/folders/v3/xy1sw5vj1czc1qkwhhh0g4v40000gn/T/mango-generated-upgrade-e2e-CYoFmw/staged-packages/mango-admin-pages: found 1.0.0
  ├─┬ @mango/workflow-admin 1.0.0
  │ └── ✕ unmet peer @mango/admin-pages@file:/var/folders/v3/xy1sw5vj1czc1qkwhhh0g4v40000gn/T/mango-generated-upgrade-e2e-CYoFmw/staged-packages/mango-admin-pages: found 1.0.0
  ├─┬ @mango/template-admin 1.0.0
  │ └── ✕ unmet peer @mango/admin-pages@file:/var/folders/v3/xy1sw5vj1czc1qkwhhh0g4v40000gn/T/mango-generated-upgrade-e2e-CYoFmw/staged-packages/mango-admin-pages: found 1.0.0
  └─┬ @mango/numgen-admin 1.0.0
    └── ✕ unmet peer @mango/admin-pages@file:/var/folders/v3/xy1sw5vj1czc1qkwhhh0g4v40000gn/T/mango-generated-upgrade-e2e-CYoFmw/staged-packages/mango-admin-pages: found 1.0.0

Done in 2s using pnpm v10.33.0
