
> upgrade-platform@1.0.0-SNAPSHOT build /private/var/folders/v3/xy1sw5vj1czc1qkwhhh0g4v40000gn/T/mango-generated-upgrade-e2e-CYoFmw/upgrade-platform
> pnpm -r build

Scope: 3 of 4 workspace projects
frontend/packages/guarantee-api build$ pnpm typecheck
frontend/packages/guarantee-api build: > @upgrade-platform/guarantee-api@1.0.0-SNAPSHOT typecheck /private/var/folders/v3/xy1sw5vj1czc1qkwhhh0g4v40000gn/T/mango-generated-upgrade-e2e-CYoFmw/upgrade-platform/frontend/packages/guarantee-api
frontend/packages/guarantee-api build: > vue-tsc --noEmit -p tsconfig.json
frontend/packages/guarantee-api build: Done
frontend/packages/guarantee-admin build$ pnpm typecheck
frontend/packages/guarantee-admin build: > @upgrade-platform/guarantee-admin@1.0.0-SNAPSHOT typecheck /private/var/folders/v3/xy1sw5vj1czc1qkwhhh0g4v40000gn/T/mango-generated-upgrade-e2e-CYoFmw/upgrade-platform/frontend/packages/guarantee-admin
frontend/packages/guarantee-admin build: > vue-tsc --noEmit -p tsconfig.json
frontend/packages/guarantee-admin build: Done
frontend/apps/upgrade-platform-admin build$ pnpm typecheck && vite build
frontend/apps/upgrade-platform-admin build: > upgrade-platform-admin@1.0.0-SNAPSHOT typecheck /private/var/folders/v3/xy1sw5vj1czc1qkwhhh0g4v40000gn/T/mango-generated-upgrade-e2e-CYoFmw/upgrade-platform/frontend/apps/upgrade-platform-admin
frontend/apps/upgrade-platform-admin build: > vue-tsc --noEmit -p tsconfig.json
frontend/apps/upgrade-platform-admin build: vite v5.4.21 building for production...
frontend/apps/upgrade-platform-admin build: transforming...
frontend/apps/upgrade-platform-admin build: ../../../node_modules/.pnpm/@vueuse+core@14.3.0_vue@3.5.35_typescript@5.9.3_/node_modules/@vueuse/core/dist/index.js (3362:0): A comment
frontend/apps/upgrade-platform-admin build: "/* #__PURE__ */"
frontend/apps/upgrade-platform-admin build: in "../../../node_modules/.pnpm/@vueuse+core@14.3.0_vue@3.5.35_typescript@5.9.3_/node_modules/@vueuse/core/dist/index.js" contains an annotation that Rollup cannot interpret due to the position of the comment. The comment will be removed to avoid issues.
frontend/apps/upgrade-platform-admin build: ../../../node_modules/.pnpm/@vueuse+core@14.3.0_vue@3.5.35_typescript@5.9.3_/node_modules/@vueuse/core/dist/index.js (5780:22): A comment
frontend/apps/upgrade-platform-admin build: "/* #__PURE__ */"
frontend/apps/upgrade-platform-admin build: in "../../../node_modules/.pnpm/@vueuse+core@14.3.0_vue@3.5.35_typescript@5.9.3_/node_modules/@vueuse/core/dist/index.js" contains an annotation that Rollup cannot interpret due to the position of the comment. The comment will be removed to avoid issues.
frontend/apps/upgrade-platform-admin build: ✓ 2740 modules transformed.
frontend/apps/upgrade-platform-admin build: rendering chunks...
frontend/apps/upgrade-platform-admin build: computing gzip size...
frontend/apps/upgrade-platform-admin build: dist/index.html                                        0.41 kB │ gzip:   0.28 kB
frontend/apps/upgrade-platform-admin build: dist/assets/fc-icons-BjnjLEor.woff                    17.44 kB
frontend/apps/upgrade-platform-admin build: dist/assets/index-DZKw_GAG.css                         0.47 kB │ gzip:   0.21 kB
frontend/apps/upgrade-platform-admin build: dist/assets/icon-Byp_cd-K.css                         16.09 kB │ gzip:   4.05 kB
frontend/apps/upgrade-platform-admin build: dist/assets/style-CTjwcune.css                        25.02 kB │ gzip:   4.67 kB
frontend/apps/upgrade-platform-admin build: dist/assets/index-B6CIJ_09.css                       387.47 kB │ gzip:  52.64 kB
frontend/apps/upgrade-platform-admin build: dist/assets/_plugin-vue_export-helper-DlAUqK2U.js      0.09 kB │ gzip:   0.10 kB
frontend/apps/upgrade-platform-admin build: dist/assets/_plugin-vue_export-helper-BffYpcM-.js      0.09 kB │ gzip:   0.10 kB
frontend/apps/upgrade-platform-admin build: dist/assets/_plugin-vue_export-helper-b8p_N644.js      0.09 kB │ gzip:   0.10 kB
frontend/apps/upgrade-platform-admin build: dist/assets/_plugin-vue_export-helper-B-KA9PqK.js      0.09 kB │ gzip:   0.10 kB
frontend/apps/upgrade-platform-admin build: dist/assets/_plugin-vue_export-helper-B4PAZYor.js      0.09 kB │ gzip:   0.10 kB
frontend/apps/upgrade-platform-admin build: dist/assets/_plugin-vue_export-helper-DU9GTNVP.js      0.21 kB │ gzip:   0.18 kB
frontend/apps/upgrade-platform-admin build: dist/assets/businessApply-BKzMXNZn.js                  0.22 kB │ gzip:   0.18 kB
frontend/apps/upgrade-platform-admin build: dist/assets/index.vue2-BPMwNG0L.js                     0.29 kB │ gzip:   0.23 kB
frontend/apps/upgrade-platform-admin build: dist/assets/index.vue2-BEnTpgv0.js                     0.29 kB │ gzip:   0.23 kB
frontend/apps/upgrade-platform-admin build: dist/assets/menuPackage-BFg8Abjx.js                    0.38 kB │ gzip:   0.20 kB
frontend/apps/upgrade-platform-admin build: dist/assets/formatTime-BSK6ffaY.js                     0.47 kB │ gzip:   0.26 kB
frontend/apps/upgrade-platform-admin build: dist/assets/css-DMYCiKaj.js                            0.50 kB │ gzip:   0.35 kB
frontend/apps/upgrade-platform-admin build: dist/assets/codemirror-Hu6kwAiD.js                     0.50 kB │ gzip:   0.36 kB
frontend/apps/upgrade-platform-admin build: dist/assets/sys-BiLJAvUr.js                            0.55 kB │ gzip:   0.29 kB
frontend/apps/upgrade-platform-admin build: dist/assets/404.vue-DOrWqDly.js                        0.56 kB │ gzip:   0.42 kB
frontend/apps/upgrade-platform-admin build: dist/assets/org-Ds9iyH43.js                            0.66 kB │ gzip:   0.34 kB
frontend/apps/upgrade-platform-admin build: dist/assets/role-Cep4d_Um.js                           0.67 kB │ gzip:   0.28 kB
frontend/apps/upgrade-platform-admin build: dist/assets/index.vue-Do8zAbm5.js                      0.69 kB │ gzip:   0.42 kB
frontend/apps/upgrade-platform-admin build: dist/assets/breadcrumb.vue-Bdjs46E6.js                 0.73 kB │ gzip:   0.48 kB
frontend/apps/upgrade-platform-admin build: dist/assets/iconConfig-BXll5l7-.js                     0.74 kB │ gzip:   0.46 kB
frontend/apps/upgrade-platform-admin build: dist/assets/index-CyfhWv5C.js                          0.74 kB │ gzip:   0.40 kB
frontend/apps/upgrade-platform-admin build: dist/assets/header.vue-CLdc99b3.js                     0.86 kB │ gzip:   0.52 kB
frontend/apps/upgrade-platform-admin build: dist/assets/index.vue-BoVx4LZE.js                      0.88 kB │ gzip:   0.54 kB
frontend/apps/upgrade-platform-admin build: dist/assets/post-ChXFxaN5.js                           0.93 kB │ gzip:   0.39 kB
frontend/apps/upgrade-platform-admin build: dist/assets/menu-CCyFL6l4.js                           0.98 kB │ gzip:   0.45 kB
frontend/apps/upgrade-platform-admin build: dist/assets/useDict-Ds-RK7fL.js                        1.03 kB │ gzip:   0.56 kB
frontend/apps/upgrade-platform-admin build: dist/assets/businessApproval-Dsiysvqr.js               1.03 kB │ gzip:   0.49 kB
frontend/apps/upgrade-platform-admin build: dist/assets/tagsViewRoutes-JzLnLQOk.js                 1.07 kB │ gzip:   0.60 kB
frontend/apps/upgrade-platform-admin build: dist/assets/subItem.vue-BTQmO0x3.js                    1.11 kB │ gzip:   0.54 kB
frontend/apps/upgrade-platform-admin build: dist/assets/workflowFormConfig-DV0KMwwn.js             1.12 kB │ gzip:   0.46 kB
frontend/apps/upgrade-platform-admin build: dist/assets/horizontal.vue-BoBpC39q.js                 1.16 kB │ gzip:   0.56 kB
frontend/apps/upgrade-platform-admin build: dist/assets/index-D7VcChRH.js                          1.18 kB │ gzip:   0.52 kB
frontend/apps/upgrade-platform-admin build: dist/assets/index.vue-DlJNHttw.js                      1.22 kB │ gzip:   0.63 kB
frontend/apps/upgrade-platform-admin build: dist/assets/index.vue-DlK-OEMX.js                      1.26 kB │ gzip:   0.62 kB
frontend/apps/upgrade-platform-admin build: dist/assets/app-hSgCgtcK.js                            1.49 kB │ gzip:   0.61 kB
frontend/apps/upgrade-platform-admin build: dist/assets/active-line-B6fhBcEH.js                    1.72 kB │ gzip:   0.84 kB
frontend/apps/upgrade-platform-admin build: dist/assets/user.vue-PWglxl_j.js                       1.80 kB │ gzip:   0.96 kB
frontend/apps/upgrade-platform-admin build: dist/assets/vertical.vue-CP4kQsOW.js                   1.88 kB │ gzip:   0.88 kB
frontend/apps/upgrade-platform-admin build: dist/assets/index.vue-CGu865Vm.js                      1.90 kB │ gzip:   1.15 kB
frontend/apps/upgrade-platform-admin build: dist/assets/log-Cwdv15I5.js                            1.93 kB │ gzip:   0.79 kB
frontend/apps/upgrade-platform-admin build: dist/assets/index.vue-BKjrBBiE.js                      2.11 kB │ gzip:   0.93 kB
frontend/apps/upgrade-platform-admin build: dist/assets/template-DaeQUGMe.js                       2.14 kB │ gzip:   0.69 kB
frontend/apps/upgrade-platform-admin build: dist/assets/index.vue-DK2ox3dy.js                      2.28 kB │ gzip:   0.85 kB
frontend/apps/upgrade-platform-admin build: dist/assets/password.vue-BMHbhu_G.js                   2.83 kB │ gzip:   1.29 kB
frontend/apps/upgrade-platform-admin build: dist/assets/columnsAside.vue-C0IQd46e.js               2.89 kB │ gzip:   1.42 kB
frontend/apps/upgrade-platform-admin build: dist/assets/index-Do97_nMP.js                          3.01 kB │ gzip:   1.47 kB
frontend/apps/upgrade-platform-admin build: dist/assets/aside.vue-T8LUO9GI.js                      3.04 kB │ gzip:   1.40 kB
frontend/apps/upgrade-platform-admin build: dist/assets/main.vue-BMibsWOQ.js                       3.17 kB │ gzip:   1.67 kB
frontend/apps/upgrade-platform-admin build: dist/assets/htmlmixed-uQX_QhGk.js                      3.32 kB │ gzip:   1.55 kB
frontend/apps/upgrade-platform-admin build: dist/assets/index.vue-C29AsGIk.js                      3.34 kB │ gzip:   1.41 kB
frontend/apps/upgrade-platform-admin build: dist/assets/profile.vue-eDO3Bt8i.js                    3.47 kB │ gzip:   1.54 kB
frontend/apps/upgrade-platform-admin build: dist/assets/matchbrackets-CJrLpGci.js                  3.51 kB │ gzip:   1.59 kB
frontend/apps/upgrade-platform-admin build: dist/assets/tagsView.vue-jtrPazcu.js                   3.61 kB │ gzip:   1.66 kB
frontend/apps/upgrade-platform-admin build: dist/assets/closebrackets-BHMPDzzG.js                  4.00 kB │ gzip:   1.72 kB
frontend/apps/upgrade-platform-admin build: dist/assets/index.vue-D4PtPLvh.js                      4.20 kB │ gzip:   2.01 kB
frontend/apps/upgrade-platform-admin build: dist/assets/index.vue-vmXJr9k7.js                      4.74 kB │ gzip:   2.25 kB
frontend/apps/upgrade-platform-admin build: dist/assets/index.vue-L6MsPYPs.js                      4.75 kB │ gzip:   2.12 kB
frontend/apps/upgrade-platform-admin build: dist/assets/index.vue-CQmXLAqi.js                      4.91 kB │ gzip:   2.11 kB
frontend/apps/upgrade-platform-admin build: dist/assets/_plugin-vue_export-helper-DNOymZo2.js      4.99 kB │ gzip:   1.71 kB
frontend/apps/upgrade-platform-admin build: dist/assets/fileSettings-HLRA0q3X.js                   5.22 kB │ gzip:   1.46 kB
frontend/apps/upgrade-platform-admin build: dist/assets/FilePreviewPanel.vue-DVFFW62i.js           5.22 kB │ gzip:   2.23 kB
frontend/apps/upgrade-platform-admin build: dist/assets/index.vue-BclZ4jrq.js                      5.34 kB │ gzip:   3.10 kB
frontend/apps/upgrade-platform-admin build: dist/assets/index.vue-B1pKfila.js                      5.91 kB │ gzip:   2.35 kB
frontend/apps/upgrade-platform-admin build: dist/assets/index.vue-DE10pegq.js                      5.99 kB │ gzip:   2.58 kB
frontend/apps/upgrade-platform-admin build: dist/assets/index.vue-DSqudu-P.js                      6.49 kB │ gzip:   2.56 kB
frontend/apps/upgrade-platform-admin build: dist/assets/xml-BLXvE_T_.js                            6.49 kB │ gzip:   2.60 kB
frontend/apps/upgrade-platform-admin build: dist/assets/index.vue-AyDtMXf_.js                      6.60 kB │ gzip:   2.57 kB
frontend/apps/upgrade-platform-admin build: dist/assets/menuHost-B0SzfmzD.js                       6.63 kB │ gzip:   2.55 kB
frontend/apps/upgrade-platform-admin build: dist/assets/index.vue2-DGi3lvUh.js                     6.92 kB │ gzip:   2.86 kB
frontend/apps/upgrade-platform-admin build: dist/assets/python-CX3fKR9L.js                         7.07 kB │ gzip:   3.06 kB
frontend/apps/upgrade-platform-admin build: dist/assets/index.vue-5Yvg8Dmk.js                      7.09 kB │ gzip:   2.62 kB
frontend/apps/upgrade-platform-admin build: dist/assets/login.vue-Ctqd1sdL.js                      7.12 kB │ gzip:   2.85 kB
frontend/apps/upgrade-platform-admin build: dist/assets/index.vue-DWJWwD_x.js                      7.15 kB │ gzip:   2.68 kB
frontend/apps/upgrade-platform-admin build: dist/assets/index.vue-B9vgS-VC.js                      7.45 kB │ gzip:   3.08 kB
frontend/apps/upgrade-platform-admin build: dist/assets/index.vue-Db4v50HZ.js                      7.96 kB │ gzip:   2.66 kB
frontend/apps/upgrade-platform-admin build: dist/assets/index.vue-DgN2FSGI.js                      8.04 kB │ gzip:   3.12 kB
frontend/apps/upgrade-platform-admin build: dist/assets/index.vue-DBMp1Kas.js                      8.68 kB │ gzip:   3.27 kB
frontend/apps/upgrade-platform-admin build: dist/assets/index.vue-nyLxDubc.js                      9.10 kB │ gzip:   4.09 kB
frontend/apps/upgrade-platform-admin build: dist/assets/index.vue-Dz4uQAkD.js                      9.21 kB │ gzip:   3.48 kB
frontend/apps/upgrade-platform-admin build: dist/assets/index.vue-CJgPzrog.js                      9.51 kB │ gzip:   3.51 kB
frontend/apps/upgrade-platform-admin build: dist/assets/index.vue-CCcAMyeP.js                     10.60 kB │ gzip:   4.02 kB
frontend/apps/upgrade-platform-admin build: dist/assets/index.vue-C3v70N_j.js                     11.37 kB │ gzip:   3.96 kB
frontend/apps/upgrade-platform-admin build: dist/assets/ShellView.vue2-D3Yna2rw.js                11.69 kB │ gzip:   3.97 kB
frontend/apps/upgrade-platform-admin build: dist/assets/index.vue-xAChv53I.js                     11.72 kB │ gzip:   3.97 kB
frontend/apps/upgrade-platform-admin build: dist/assets/index.vue-DxGDGhmH.js                     12.75 kB │ gzip:   3.62 kB
frontend/apps/upgrade-platform-admin build: dist/assets/index.vue-h151DPiB.js                     12.87 kB │ gzip:   4.87 kB
frontend/apps/upgrade-platform-admin build: dist/assets/index.vue-cH-xNOAh.js                     13.65 kB │ gzip:   5.31 kB
frontend/apps/upgrade-platform-admin build: dist/assets/index.vue-Bnp6oPOi.js                     13.77 kB │ gzip:   4.56 kB
frontend/apps/upgrade-platform-admin build: dist/assets/_plugin-vue_export-helper-Bfbteqht.js     14.68 kB │ gzip:   3.85 kB
frontend/apps/upgrade-platform-admin build: dist/assets/index.vue-CXx3EmYn.js                     14.88 kB │ gzip:   4.83 kB
frontend/apps/upgrade-platform-admin build: dist/assets/index.vue-BEwd37Bj.js                     15.26 kB │ gzip:   4.91 kB
frontend/apps/upgrade-platform-admin build: dist/assets/index.vue-C0PIWEWU.js                     15.38 kB │ gzip:   5.56 kB
frontend/apps/upgrade-platform-admin build: dist/assets/index.vue2-Bf2sMMGa.js                    16.19 kB │ gzip:   5.76 kB
frontend/apps/upgrade-platform-admin build: dist/assets/settings.vue-Cr_jwNAn.js                  17.43 kB │ gzip:   4.06 kB
frontend/apps/upgrade-platform-admin build: dist/assets/javascript-BWIYPSll.js                    18.42 kB │ gzip:   6.20 kB
frontend/apps/upgrade-platform-admin build: dist/assets/MUpload.vue-8a9eIggE.js                   18.79 kB │ gzip:   7.20 kB
frontend/apps/upgrade-platform-admin build: dist/assets/index.vue-Cm0H-rBF.js                     20.28 kB │ gzip:   6.17 kB
frontend/apps/upgrade-platform-admin build: dist/assets/index.vue-Di4Isn7d.js                     20.97 kB │ gzip:   7.11 kB
frontend/apps/upgrade-platform-admin build: dist/assets/clike-CEMgBK1m.js                         21.51 kB │ gzip:   7.67 kB
frontend/apps/upgrade-platform-admin build: dist/assets/index.vue-CZqQdnEN.js                     24.89 kB │ gzip:   8.48 kB
frontend/apps/upgrade-platform-admin build: dist/assets/index.vue-LH0QJdeQ.js                     25.59 kB │ gzip:   6.47 kB
frontend/apps/upgrade-platform-admin build: dist/assets/css-Do_sFqF0.js                           27.39 kB │ gzip:   8.55 kB
frontend/apps/upgrade-platform-admin build: dist/assets/markdown-D0w4qlws.js                      28.21 kB │ gzip:   9.05 kB
frontend/apps/upgrade-platform-admin build: dist/assets/index.vue-D2F_7pAF.js                     29.22 kB │ gzip:   9.46 kB
frontend/apps/upgrade-platform-admin build: dist/assets/index.vue-C4q-0FzM.js                     31.66 kB │ gzip:   8.91 kB
frontend/apps/upgrade-platform-admin build: dist/assets/index.vue-BNSCZ4E3.js                     32.77 kB │ gzip:   9.03 kB
frontend/apps/upgrade-platform-admin build: dist/assets/index.vue-fcanRMsG.js                     34.68 kB │ gzip:  11.08 kB
frontend/apps/upgrade-platform-admin build: dist/assets/sql-CZ-XSx9y.js                           47.92 kB │ gzip:  14.19 kB
frontend/apps/upgrade-platform-admin build: dist/assets/index-5j7_t8J2.js                         58.37 kB │ gzip:  15.66 kB
frontend/apps/upgrade-platform-admin build: dist/assets/runtimeForm-DpcTtcoG.js                   79.65 kB │ gzip:  25.09 kB
frontend/apps/upgrade-platform-admin build: dist/assets/index-L-1HuXnq.js                         81.74 kB │ gzip:  23.83 kB
frontend/apps/upgrade-platform-admin build: dist/assets/index.vue-CLPfhMKt.js                    123.90 kB │ gzip:  36.86 kB
frontend/apps/upgrade-platform-admin build: dist/assets/codemirror-B-2lauTP.js                   174.07 kB │ gzip:  58.19 kB
frontend/apps/upgrade-platform-admin build: dist/assets/icon-7a0zRK4K.js                       1,055.19 kB │ gzip: 327.68 kB
frontend/apps/upgrade-platform-admin build: dist/assets/index-BsoPUbmd.js                      1,302.71 kB │ gzip: 416.21 kB
frontend/apps/upgrade-platform-admin build: dist/assets/style-B8VGKKbo.js                      1,970.91 kB │ gzip: 669.14 kB
frontend/apps/upgrade-platform-admin build: ✓ built in 12.80s
frontend/apps/upgrade-platform-admin build: (!) Some chunks are larger than 500 kB after minification. Consider:
frontend/apps/upgrade-platform-admin build: - Using dynamic import() to code-split the application
frontend/apps/upgrade-platform-admin build: - Use build.rollupOptions.output.manualChunks to improve chunking: https://rollupjs.org/configuration-options/#output-manualchunks
frontend/apps/upgrade-platform-admin build: - Adjust chunk size limit for this warning via build.chunkSizeWarningLimit.
frontend/apps/upgrade-platform-admin build: Done
