
> mode-mixed-platform@1.0.0 build /private/var/folders/v3/xy1sw5vj1czc1qkwhhh0g4v40000gn/T/mango-mode-matrix-e2e-sf1njl/mode-mixed-platform
> pnpm -r build

Scope: 4 of 5 workspace projects
frontend/packages/guarantee-api build$ pnpm typecheck
frontend/packages/guarantee-api build: > @mode-mixed-platform/guarantee-api@1.0.0 typecheck /private/var/folders/v3/xy1sw5vj1czc1qkwhhh0g4v40000gn/T/mango-mode-matrix-e2e-sf1njl/mode-mixed-platform/frontend/packages/guarantee-api
frontend/packages/guarantee-api build: > vue-tsc --noEmit -p tsconfig.json
frontend/packages/guarantee-api build: Done
frontend/packages/guarantee-admin build$ pnpm typecheck
frontend/packages/guarantee-admin build: > @mode-mixed-platform/guarantee-admin@1.0.0 typecheck /private/var/folders/v3/xy1sw5vj1czc1qkwhhh0g4v40000gn/T/mango-mode-matrix-e2e-sf1njl/mode-mixed-platform/frontend/packages/guarantee-admin
frontend/packages/guarantee-admin build: > vue-tsc --noEmit -p tsconfig.json
frontend/packages/guarantee-admin build: Done
frontend/apps/mode-mixed-platform-admin build$ pnpm typecheck && vite build
frontend/apps/mode-mixed-platform-remote build$ vite build
frontend/apps/mode-mixed-platform-admin build: > mode-mixed-platform-admin@1.0.0 typecheck /private/var/folders/v3/xy1sw5vj1czc1qkwhhh0g4v40000gn/T/mango-mode-matrix-e2e-sf1njl/mode-mixed-platform/frontend/apps/mode-mixed-platform-admin
frontend/apps/mode-mixed-platform-admin build: > vue-tsc --noEmit -p tsconfig.json
frontend/apps/mode-mixed-platform-remote build: vite v5.4.21 building for production...
frontend/apps/mode-mixed-platform-remote build: transforming...
frontend/apps/mode-mixed-platform-remote build: ✓ 9 modules transformed.
frontend/apps/mode-mixed-platform-remote build: rendering chunks...
frontend/apps/mode-mixed-platform-remote build: computing gzip size...
frontend/apps/mode-mixed-platform-remote build: dist/index.html                  0.28 kB │ gzip:  0.21 kB
frontend/apps/mode-mixed-platform-remote build: dist/assets/index-DGVnVIqU.css   1.73 kB │ gzip:  0.65 kB
frontend/apps/mode-mixed-platform-remote build: dist/assets/index-Bs-DKn6X.js   63.37 kB │ gzip: 25.15 kB
frontend/apps/mode-mixed-platform-remote build: ✓ built in 312ms
frontend/apps/mode-mixed-platform-remote build: Done
frontend/apps/mode-mixed-platform-admin build: vite v5.4.21 building for production...
frontend/apps/mode-mixed-platform-admin build: transforming...
frontend/apps/mode-mixed-platform-admin build: ../../../node_modules/.pnpm/@vueuse+core@14.3.0_vue@3.5.35_typescript@5.9.3_/node_modules/@vueuse/core/dist/index.js (3362:0): A comment
frontend/apps/mode-mixed-platform-admin build: "/* #__PURE__ */"
frontend/apps/mode-mixed-platform-admin build: in "../../../node_modules/.pnpm/@vueuse+core@14.3.0_vue@3.5.35_typescript@5.9.3_/node_modules/@vueuse/core/dist/index.js" contains an annotation that Rollup cannot interpret due to the position of the comment. The comment will be removed to avoid issues.
frontend/apps/mode-mixed-platform-admin build: ../../../node_modules/.pnpm/@vueuse+core@14.3.0_vue@3.5.35_typescript@5.9.3_/node_modules/@vueuse/core/dist/index.js (5780:22): A comment
frontend/apps/mode-mixed-platform-admin build: "/* #__PURE__ */"
frontend/apps/mode-mixed-platform-admin build: in "../../../node_modules/.pnpm/@vueuse+core@14.3.0_vue@3.5.35_typescript@5.9.3_/node_modules/@vueuse/core/dist/index.js" contains an annotation that Rollup cannot interpret due to the position of the comment. The comment will be removed to avoid issues.
frontend/apps/mode-mixed-platform-admin build: ✓ 2740 modules transformed.
frontend/apps/mode-mixed-platform-admin build: rendering chunks...
frontend/apps/mode-mixed-platform-admin build: computing gzip size...
frontend/apps/mode-mixed-platform-admin build: dist/index.html                                        0.41 kB │ gzip:   0.28 kB
frontend/apps/mode-mixed-platform-admin build: dist/assets/fc-icons-BjnjLEor.woff                    17.44 kB
frontend/apps/mode-mixed-platform-admin build: dist/assets/index-DpjVGtHI.css                         0.47 kB │ gzip:   0.21 kB
frontend/apps/mode-mixed-platform-admin build: dist/assets/icon-Byp_cd-K.css                         16.09 kB │ gzip:   4.05 kB
frontend/apps/mode-mixed-platform-admin build: dist/assets/style-CTjwcune.css                        25.02 kB │ gzip:   4.67 kB
frontend/apps/mode-mixed-platform-admin build: dist/assets/index-B6CIJ_09.css                       387.47 kB │ gzip:  52.64 kB
frontend/apps/mode-mixed-platform-admin build: dist/assets/_plugin-vue_export-helper-DlAUqK2U.js      0.09 kB │ gzip:   0.10 kB
frontend/apps/mode-mixed-platform-admin build: dist/assets/_plugin-vue_export-helper-BffYpcM-.js      0.09 kB │ gzip:   0.10 kB
frontend/apps/mode-mixed-platform-admin build: dist/assets/_plugin-vue_export-helper-b8p_N644.js      0.09 kB │ gzip:   0.10 kB
frontend/apps/mode-mixed-platform-admin build: dist/assets/_plugin-vue_export-helper-B-KA9PqK.js      0.09 kB │ gzip:   0.10 kB
frontend/apps/mode-mixed-platform-admin build: dist/assets/_plugin-vue_export-helper-B4PAZYor.js      0.09 kB │ gzip:   0.10 kB
frontend/apps/mode-mixed-platform-admin build: dist/assets/_plugin-vue_export-helper-CBoWz6CF.js      0.21 kB │ gzip:   0.18 kB
frontend/apps/mode-mixed-platform-admin build: dist/assets/businessApply-BKzMXNZn.js                  0.22 kB │ gzip:   0.18 kB
frontend/apps/mode-mixed-platform-admin build: dist/assets/index.vue2-Cl1ZdclL.js                     0.29 kB │ gzip:   0.23 kB
frontend/apps/mode-mixed-platform-admin build: dist/assets/index.vue2-aXAu-dQo.js                     0.29 kB │ gzip:   0.23 kB
frontend/apps/mode-mixed-platform-admin build: dist/assets/menuPackage-Cg1B75HA.js                    0.38 kB │ gzip:   0.20 kB
frontend/apps/mode-mixed-platform-admin build: dist/assets/formatTime-BSK6ffaY.js                     0.47 kB │ gzip:   0.26 kB
frontend/apps/mode-mixed-platform-admin build: dist/assets/codemirror-CMCTGgHh.js                     0.50 kB │ gzip:   0.36 kB
frontend/apps/mode-mixed-platform-admin build: dist/assets/sys-2El143bz.js                            0.55 kB │ gzip:   0.29 kB
frontend/apps/mode-mixed-platform-admin build: dist/assets/404.vue-DWVyDaVB.js                        0.56 kB │ gzip:   0.42 kB
frontend/apps/mode-mixed-platform-admin build: dist/assets/org-Bab41s5W.js                            0.66 kB │ gzip:   0.34 kB
frontend/apps/mode-mixed-platform-admin build: dist/assets/role-Jb80zr13.js                           0.67 kB │ gzip:   0.28 kB
frontend/apps/mode-mixed-platform-admin build: dist/assets/index.vue-Dt4AtDKz.js                      0.69 kB │ gzip:   0.42 kB
frontend/apps/mode-mixed-platform-admin build: dist/assets/breadcrumb.vue-DqzBNSeA.js                 0.73 kB │ gzip:   0.48 kB
frontend/apps/mode-mixed-platform-admin build: dist/assets/iconConfig-BQgfGTKW.js                     0.74 kB │ gzip:   0.46 kB
frontend/apps/mode-mixed-platform-admin build: dist/assets/index-CNYvwz2s.js                          0.74 kB │ gzip:   0.41 kB
frontend/apps/mode-mixed-platform-admin build: dist/assets/header.vue-qoPFTJM3.js                     0.86 kB │ gzip:   0.52 kB
frontend/apps/mode-mixed-platform-admin build: dist/assets/index.vue-8K0Unmv3.js                      0.88 kB │ gzip:   0.54 kB
frontend/apps/mode-mixed-platform-admin build: dist/assets/post-C6TarOUU.js                           0.93 kB │ gzip:   0.40 kB
frontend/apps/mode-mixed-platform-admin build: dist/assets/menu-Cb4gyi3W.js                           0.98 kB │ gzip:   0.46 kB
frontend/apps/mode-mixed-platform-admin build: dist/assets/useDict-BSCYaclA.js                        1.03 kB │ gzip:   0.56 kB
frontend/apps/mode-mixed-platform-admin build: dist/assets/businessApproval-Dsiysvqr.js               1.03 kB │ gzip:   0.49 kB
frontend/apps/mode-mixed-platform-admin build: dist/assets/tagsViewRoutes-B0BmAG50.js                 1.07 kB │ gzip:   0.60 kB
frontend/apps/mode-mixed-platform-admin build: dist/assets/subItem.vue-BX8_n52T.js                    1.11 kB │ gzip:   0.54 kB
frontend/apps/mode-mixed-platform-admin build: dist/assets/workflowFormConfig-DV0KMwwn.js             1.12 kB │ gzip:   0.46 kB
frontend/apps/mode-mixed-platform-admin build: dist/assets/horizontal.vue-Arz1HmMQ.js                 1.16 kB │ gzip:   0.56 kB
frontend/apps/mode-mixed-platform-admin build: dist/assets/index-wpEIdKbx.js                          1.18 kB │ gzip:   0.52 kB
frontend/apps/mode-mixed-platform-admin build: dist/assets/index.vue-CCuoWidP.js                      1.22 kB │ gzip:   0.63 kB
frontend/apps/mode-mixed-platform-admin build: dist/assets/index.vue-CDVuYiX0.js                      1.26 kB │ gzip:   0.62 kB
frontend/apps/mode-mixed-platform-admin build: dist/assets/app-Da0R2lWr.js                            1.49 kB │ gzip:   0.61 kB
frontend/apps/mode-mixed-platform-admin build: dist/assets/active-line-B55_57EH.js                    1.72 kB │ gzip:   0.84 kB
frontend/apps/mode-mixed-platform-admin build: dist/assets/user.vue-BvZNiSh2.js                       1.80 kB │ gzip:   0.96 kB
frontend/apps/mode-mixed-platform-admin build: dist/assets/vertical.vue-BBUXn85U.js                   1.88 kB │ gzip:   0.89 kB
frontend/apps/mode-mixed-platform-admin build: dist/assets/index.vue-BX1pSkVZ.js                      1.90 kB │ gzip:   1.15 kB
frontend/apps/mode-mixed-platform-admin build: dist/assets/log-fzgDiStk.js                            1.93 kB │ gzip:   0.79 kB
frontend/apps/mode-mixed-platform-admin build: dist/assets/index.vue-DCArLfvT.js                      2.11 kB │ gzip:   0.93 kB
frontend/apps/mode-mixed-platform-admin build: dist/assets/template-fbIVcjPr.js                       2.14 kB │ gzip:   0.70 kB
frontend/apps/mode-mixed-platform-admin build: dist/assets/index.vue-DQ9SY22-.js                      2.28 kB │ gzip:   0.85 kB
frontend/apps/mode-mixed-platform-admin build: dist/assets/password.vue-DfQysQMG.js                   2.83 kB │ gzip:   1.29 kB
frontend/apps/mode-mixed-platform-admin build: dist/assets/columnsAside.vue-BbckLakI.js               2.89 kB │ gzip:   1.42 kB
frontend/apps/mode-mixed-platform-admin build: dist/assets/index-BQrSrGx9.js                          3.01 kB │ gzip:   1.47 kB
frontend/apps/mode-mixed-platform-admin build: dist/assets/aside.vue-BWE-CoTZ.js                      3.04 kB │ gzip:   1.41 kB
frontend/apps/mode-mixed-platform-admin build: dist/assets/main.vue-1kz_SmDV.js                       3.17 kB │ gzip:   1.67 kB
frontend/apps/mode-mixed-platform-admin build: dist/assets/htmlmixed-B8w5frpV.js                      3.32 kB │ gzip:   1.55 kB
frontend/apps/mode-mixed-platform-admin build: dist/assets/index.vue-D7KJ3H0-.js                      3.34 kB │ gzip:   1.41 kB
frontend/apps/mode-mixed-platform-admin build: dist/assets/profile.vue-CzXooPhE.js                    3.47 kB │ gzip:   1.54 kB
frontend/apps/mode-mixed-platform-admin build: dist/assets/matchbrackets-C62STXul.js                  3.51 kB │ gzip:   1.59 kB
frontend/apps/mode-mixed-platform-admin build: dist/assets/tagsView.vue-D7KKOpx6.js                   3.61 kB │ gzip:   1.66 kB
frontend/apps/mode-mixed-platform-admin build: dist/assets/closebrackets-ySUavHjB.js                  4.00 kB │ gzip:   1.72 kB
frontend/apps/mode-mixed-platform-admin build: dist/assets/index.vue-BYsCe4zK.js                      4.20 kB │ gzip:   2.01 kB
frontend/apps/mode-mixed-platform-admin build: dist/assets/index.vue-BIfs6jsC.js                      4.74 kB │ gzip:   2.26 kB
frontend/apps/mode-mixed-platform-admin build: dist/assets/index.vue-BjKJqHYv.js                      4.75 kB │ gzip:   2.12 kB
frontend/apps/mode-mixed-platform-admin build: dist/assets/index.vue-C7i21Q0q.js                      4.91 kB │ gzip:   2.11 kB
frontend/apps/mode-mixed-platform-admin build: dist/assets/_plugin-vue_export-helper-D7biqqQz.js      4.99 kB │ gzip:   1.71 kB
frontend/apps/mode-mixed-platform-admin build: dist/assets/fileSettings-DyXYrt-S.js                   5.22 kB │ gzip:   1.46 kB
frontend/apps/mode-mixed-platform-admin build: dist/assets/FilePreviewPanel.vue-eWYEEHGF.js           5.22 kB │ gzip:   2.23 kB
frontend/apps/mode-mixed-platform-admin build: dist/assets/index.vue-Bg8Fn1Qq.js                      5.34 kB │ gzip:   3.10 kB
frontend/apps/mode-mixed-platform-admin build: dist/assets/index.vue-B794a3ia.js                      5.91 kB │ gzip:   2.35 kB
frontend/apps/mode-mixed-platform-admin build: dist/assets/index.vue-CbAyimMC.js                      5.99 kB │ gzip:   2.58 kB
frontend/apps/mode-mixed-platform-admin build: dist/assets/index.vue-XdYkAhYl.js                      6.49 kB │ gzip:   2.56 kB
frontend/apps/mode-mixed-platform-admin build: dist/assets/xml-DlGVuMiR.js                            6.49 kB │ gzip:   2.60 kB
frontend/apps/mode-mixed-platform-admin build: dist/assets/index.vue-BcgiKgEB.js                      6.60 kB │ gzip:   2.57 kB
frontend/apps/mode-mixed-platform-admin build: dist/assets/menuHost-BPVM76Ku.js                       6.63 kB │ gzip:   2.55 kB
frontend/apps/mode-mixed-platform-admin build: dist/assets/index.vue2-BdV3P0V4.js                     6.92 kB │ gzip:   2.87 kB
frontend/apps/mode-mixed-platform-admin build: dist/assets/python-B1AZaThx.js                         7.07 kB │ gzip:   3.06 kB
frontend/apps/mode-mixed-platform-admin build: dist/assets/index.vue-DG_pYdk8.js                      7.09 kB │ gzip:   2.62 kB
frontend/apps/mode-mixed-platform-admin build: dist/assets/login.vue-D0kQwb3d.js                      7.12 kB │ gzip:   2.85 kB
frontend/apps/mode-mixed-platform-admin build: dist/assets/index.vue-awJySNun.js                      7.15 kB │ gzip:   2.68 kB
frontend/apps/mode-mixed-platform-admin build: dist/assets/index.vue-alMkYlee.js                      7.45 kB │ gzip:   3.09 kB
frontend/apps/mode-mixed-platform-admin build: dist/assets/index.vue-D6kuotvJ.js                      7.96 kB │ gzip:   2.66 kB
frontend/apps/mode-mixed-platform-admin build: dist/assets/index.vue-DNiwxyqV.js                      8.04 kB │ gzip:   3.12 kB
frontend/apps/mode-mixed-platform-admin build: dist/assets/index.vue-CSX_k3Ib.js                      8.68 kB │ gzip:   3.27 kB
frontend/apps/mode-mixed-platform-admin build: dist/assets/index.vue-HsRZ-VzH.js                      9.10 kB │ gzip:   4.09 kB
frontend/apps/mode-mixed-platform-admin build: dist/assets/index.vue-B884IaTV.js                      9.21 kB │ gzip:   3.48 kB
frontend/apps/mode-mixed-platform-admin build: dist/assets/index.vue-HrHTt_uH.js                      9.51 kB │ gzip:   3.51 kB
frontend/apps/mode-mixed-platform-admin build: dist/assets/index.vue-BIHE6lqO.js                     10.60 kB │ gzip:   4.02 kB
frontend/apps/mode-mixed-platform-admin build: dist/assets/index.vue-BLQw62eP.js                     11.37 kB │ gzip:   3.96 kB
frontend/apps/mode-mixed-platform-admin build: dist/assets/ShellView.vue2-BfFPzV-3.js                11.69 kB │ gzip:   3.98 kB
frontend/apps/mode-mixed-platform-admin build: dist/assets/index.vue-CTaQkbN8.js                     11.72 kB │ gzip:   3.97 kB
frontend/apps/mode-mixed-platform-admin build: dist/assets/index.vue-cOdcsjYZ.js                     12.75 kB │ gzip:   3.62 kB
frontend/apps/mode-mixed-platform-admin build: dist/assets/index.vue-CMkuZkNb.js                     12.87 kB │ gzip:   4.87 kB
frontend/apps/mode-mixed-platform-admin build: dist/assets/index.vue-qWSBf4YW.js                     13.65 kB │ gzip:   5.31 kB
frontend/apps/mode-mixed-platform-admin build: dist/assets/index.vue-pEQ_ZOJn.js                     13.77 kB │ gzip:   4.56 kB
frontend/apps/mode-mixed-platform-admin build: dist/assets/_plugin-vue_export-helper-D2V8Z7_N.js     14.68 kB │ gzip:   3.85 kB
frontend/apps/mode-mixed-platform-admin build: dist/assets/index.vue-CoeyMLrQ.js                     14.88 kB │ gzip:   4.84 kB
frontend/apps/mode-mixed-platform-admin build: dist/assets/index.vue-5wOQefAx.js                     15.26 kB │ gzip:   4.91 kB
frontend/apps/mode-mixed-platform-admin build: dist/assets/index.vue-BV_sDmsd.js                     15.38 kB │ gzip:   5.56 kB
frontend/apps/mode-mixed-platform-admin build: dist/assets/index.vue2-DHG7Jsbz.js                    16.19 kB │ gzip:   5.76 kB
frontend/apps/mode-mixed-platform-admin build: dist/assets/settings.vue-Bsv2i4LV.js                  17.43 kB │ gzip:   4.06 kB
frontend/apps/mode-mixed-platform-admin build: dist/assets/javascript-35iVxBco.js                    18.42 kB │ gzip:   6.20 kB
frontend/apps/mode-mixed-platform-admin build: dist/assets/MUpload.vue-Mciajsh-.js                   18.79 kB │ gzip:   7.19 kB
frontend/apps/mode-mixed-platform-admin build: dist/assets/index.vue-B4KabgEB.js                     20.28 kB │ gzip:   6.18 kB
frontend/apps/mode-mixed-platform-admin build: dist/assets/index.vue-CBsiJihH.js                     20.97 kB │ gzip:   7.11 kB
frontend/apps/mode-mixed-platform-admin build: dist/assets/clike-B-TTGvXL.js                         21.51 kB │ gzip:   7.68 kB
frontend/apps/mode-mixed-platform-admin build: dist/assets/index.vue-BIfIP65_.js                     24.89 kB │ gzip:   8.48 kB
frontend/apps/mode-mixed-platform-admin build: dist/assets/index.vue-BYz_LF8C.js                     25.59 kB │ gzip:   6.48 kB
frontend/apps/mode-mixed-platform-admin build: dist/assets/css-BI6_V8FT.js                           27.81 kB │ gzip:   8.78 kB
frontend/apps/mode-mixed-platform-admin build: dist/assets/markdown-izpsbuui.js                      28.21 kB │ gzip:   9.05 kB
frontend/apps/mode-mixed-platform-admin build: dist/assets/index.vue-r5RA9383.js                     29.22 kB │ gzip:   9.46 kB
frontend/apps/mode-mixed-platform-admin build: dist/assets/index.vue-DDGnNQwL.js                     31.66 kB │ gzip:   8.91 kB
frontend/apps/mode-mixed-platform-admin build: dist/assets/index.vue-DfB5sczA.js                     32.77 kB │ gzip:   9.03 kB
frontend/apps/mode-mixed-platform-admin build: dist/assets/index.vue-BdMp-MDv.js                     34.66 kB │ gzip:  11.07 kB
frontend/apps/mode-mixed-platform-admin build: dist/assets/sql-BfHQ6YCV.js                           47.92 kB │ gzip:  14.19 kB
frontend/apps/mode-mixed-platform-admin build: dist/assets/index-CxUL_23f.js                         58.37 kB │ gzip:  15.66 kB
frontend/apps/mode-mixed-platform-admin build: dist/assets/runtimeForm-C4YoV17C.js                   79.65 kB │ gzip:  25.09 kB
frontend/apps/mode-mixed-platform-admin build: dist/assets/index-Dhf0GYfL.js                         81.74 kB │ gzip:  23.83 kB
frontend/apps/mode-mixed-platform-admin build: dist/assets/index.vue-CBOMnPZt.js                    123.90 kB │ gzip:  36.86 kB
frontend/apps/mode-mixed-platform-admin build: dist/assets/codemirror-dP7S3eaR.js                   174.07 kB │ gzip:  58.19 kB
frontend/apps/mode-mixed-platform-admin build: dist/assets/icon-BtrBSYiW.js                       1,055.19 kB │ gzip: 327.68 kB
frontend/apps/mode-mixed-platform-admin build: dist/assets/index-C5jygFR_.js                      1,302.83 kB │ gzip: 416.23 kB
frontend/apps/mode-mixed-platform-admin build: dist/assets/style-CEAgafdF.js                      1,970.91 kB │ gzip: 669.14 kB
frontend/apps/mode-mixed-platform-admin build: ✓ built in 10.66s
frontend/apps/mode-mixed-platform-admin build: (!) Some chunks are larger than 500 kB after minification. Consider:
frontend/apps/mode-mixed-platform-admin build: - Using dynamic import() to code-split the application
frontend/apps/mode-mixed-platform-admin build: - Use build.rollupOptions.output.manualChunks to improve chunking: https://rollupjs.org/configuration-options/#output-manualchunks
frontend/apps/mode-mixed-platform-admin build: - Adjust chunk size limit for this warning via build.chunkSizeWarningLimit.
frontend/apps/mode-mixed-platform-admin build: Done
