vite v5.4.21 building for production...
transforming...
✓ 2730 modules transformed.
rendering chunks...
computing gzip size...
dist/index.html                                        0.17 kB │ gzip:   0.14 kB
dist/assets/fc-icons-BjnjLEor.woff                    17.44 kB
dist/assets/icon-Byp_cd-K.css                         16.09 kB │ gzip:   4.05 kB
dist/assets/style-CTjwcune.css                        25.02 kB │ gzip:   4.67 kB
dist/assets/index-B6CIJ_09.css                       387.47 kB │ gzip:  52.64 kB
dist/assets/_plugin-vue_export-helper-DlAUqK2U.js      0.09 kB │ gzip:   0.10 kB
dist/assets/_plugin-vue_export-helper-BffYpcM-.js      0.09 kB │ gzip:   0.10 kB
dist/assets/_plugin-vue_export-helper-b8p_N644.js      0.09 kB │ gzip:   0.10 kB
dist/assets/_plugin-vue_export-helper-B-KA9PqK.js      0.09 kB │ gzip:   0.10 kB
dist/assets/_plugin-vue_export-helper-B4PAZYor.js      0.09 kB │ gzip:   0.10 kB
dist/assets/_plugin-vue_export-helper-fH7qrvsh.js      0.21 kB │ gzip:   0.18 kB
dist/assets/businessApply-BKzMXNZn.js                  0.22 kB │ gzip:   0.18 kB
dist/assets/index.vue2-D9w2l31i.js                     0.29 kB │ gzip:   0.22 kB
dist/assets/index.vue2-CgDLN8C7.js                     0.29 kB │ gzip:   0.22 kB
dist/assets/menuPackage-tTGPSeUP.js                    0.38 kB │ gzip:   0.20 kB
dist/assets/formatTime-BSK6ffaY.js                     0.47 kB │ gzip:   0.26 kB
dist/assets/codemirror-CgrSL4HI.js                     0.50 kB │ gzip:   0.36 kB
dist/assets/sys-2pT6ueeI.js                            0.55 kB │ gzip:   0.29 kB
dist/assets/404.vue-BUe4j2dg.js                        0.56 kB │ gzip:   0.42 kB
dist/assets/org-vHOMAyYV.js                            0.66 kB │ gzip:   0.34 kB
dist/assets/role-BWn8EEsN.js                           0.67 kB │ gzip:   0.28 kB
dist/assets/index.vue-BOHDrL29.js                      0.69 kB │ gzip:   0.42 kB
dist/assets/breadcrumb.vue-CYlDhv6h.js                 0.73 kB │ gzip:   0.47 kB
dist/assets/iconConfig-BANAqgfY.js                     0.74 kB │ gzip:   0.46 kB
dist/assets/index-OrlNxxry.js                          0.74 kB │ gzip:   0.40 kB
dist/assets/header.vue-arFb5LRB.js                     0.86 kB │ gzip:   0.52 kB
dist/assets/index.vue-CILRf8WY.js                      0.88 kB │ gzip:   0.54 kB
dist/assets/post-rYyuCIvc.js                           0.93 kB │ gzip:   0.39 kB
dist/assets/menu-C9qV8oTO.js                           0.98 kB │ gzip:   0.45 kB
dist/assets/useDict-Dd-bK5HG.js                        1.03 kB │ gzip:   0.56 kB
dist/assets/businessApproval-Dsiysvqr.js               1.03 kB │ gzip:   0.49 kB
dist/assets/tagsViewRoutes-CXzZLZYW.js                 1.07 kB │ gzip:   0.60 kB
dist/assets/subItem.vue-BOrTy1cC.js                    1.11 kB │ gzip:   0.54 kB
dist/assets/workflowFormConfig-DV0KMwwn.js             1.12 kB │ gzip:   0.46 kB
dist/assets/horizontal.vue-CZrlZUiD.js                 1.16 kB │ gzip:   0.56 kB
dist/assets/index-_QrTeQBx.js                          1.18 kB │ gzip:   0.53 kB
dist/assets/index.vue-C3wxUsH1.js                      1.22 kB │ gzip:   0.63 kB
dist/assets/index.vue-DWuAzjqE.js                      1.26 kB │ gzip:   0.63 kB
dist/assets/app-DF2vUuB-.js                            1.49 kB │ gzip:   0.61 kB
dist/assets/active-line-W3iXrykX.js                    1.72 kB │ gzip:   0.84 kB
dist/assets/user.vue-w7ZCNvzr.js                       1.80 kB │ gzip:   0.96 kB
dist/assets/vertical.vue-BNeCfZgd.js                   1.88 kB │ gzip:   0.89 kB
dist/assets/index.vue-C15Y83LT.js                      1.90 kB │ gzip:   1.15 kB
dist/assets/log-Bfv-8w_4.js                            1.93 kB │ gzip:   0.79 kB
dist/assets/index.vue-RLkAqSLU.js                      2.11 kB │ gzip:   0.93 kB
dist/assets/template-CkePd0OZ.js                       2.14 kB │ gzip:   0.69 kB
dist/assets/index.vue-gJ3icTe8.js                      2.28 kB │ gzip:   0.85 kB
dist/assets/password.vue-BXx_xx1b.js                   2.83 kB │ gzip:   1.28 kB
dist/assets/columnsAside.vue-DpnRAvXM.js               2.89 kB │ gzip:   1.42 kB
dist/assets/aside.vue-D5MJUbxq.js                      3.04 kB │ gzip:   1.40 kB
dist/assets/main.vue-XvlkpFA9.js                       3.17 kB │ gzip:   1.67 kB
dist/assets/htmlmixed-CA28-lNd.js                      3.32 kB │ gzip:   1.56 kB
dist/assets/index.vue-B9j1CK8q.js                      3.34 kB │ gzip:   1.42 kB
dist/assets/profile.vue-CMBbYCPs.js                    3.47 kB │ gzip:   1.54 kB
dist/assets/matchbrackets-Dmrbh45h.js                  3.51 kB │ gzip:   1.59 kB
dist/assets/tagsView.vue-CGDgyXbN.js                   3.61 kB │ gzip:   1.65 kB
dist/assets/closebrackets-apF3XfVn.js                  4.00 kB │ gzip:   1.72 kB
dist/assets/index.vue-DVucaemO.js                      4.20 kB │ gzip:   2.01 kB
dist/assets/index.vue-BmfIsHtl.js                      4.74 kB │ gzip:   2.25 kB
dist/assets/index.vue-DtbiQWIJ.js                      4.75 kB │ gzip:   2.12 kB
dist/assets/index.vue-CVpmEzMx.js                      4.91 kB │ gzip:   2.11 kB
dist/assets/_plugin-vue_export-helper-BFvHvbJr.js      4.99 kB │ gzip:   1.71 kB
dist/assets/fileSettings-SKTj8tOv.js                   5.22 kB │ gzip:   1.46 kB
dist/assets/FilePreviewPanel.vue-BXf7cJdi.js           5.22 kB │ gzip:   2.23 kB
dist/assets/index.vue-Bk4YoabK.js                      5.34 kB │ gzip:   3.10 kB
dist/assets/index.vue-Dby66Gsd.js                      5.91 kB │ gzip:   2.35 kB
dist/assets/index.vue-CFz9CrKx.js                      5.99 kB │ gzip:   2.58 kB
dist/assets/menuHost-CO0uQ__u.js                       6.21 kB │ gzip:   2.40 kB
dist/assets/index.vue-Bw50cimd.js                      6.49 kB │ gzip:   2.57 kB
dist/assets/xml-VuOeLJW7.js                            6.49 kB │ gzip:   2.60 kB
dist/assets/index.vue-DlrK_T4e.js                      6.60 kB │ gzip:   2.57 kB
dist/assets/index.vue2-DjpBW9qP.js                     6.92 kB │ gzip:   2.87 kB
dist/assets/python-0xNT9gbI.js                         7.07 kB │ gzip:   3.06 kB
dist/assets/index.vue-CQeS7J91.js                      7.09 kB │ gzip:   2.62 kB
dist/assets/login.vue-6H64FUMG.js                      7.12 kB │ gzip:   2.85 kB
dist/assets/index.vue-w7LgvMLP.js                      7.15 kB │ gzip:   2.68 kB
dist/assets/index.vue-CbAQtIRl.js                      7.45 kB │ gzip:   3.08 kB
dist/assets/index.vue-CUtm6Me6.js                      7.96 kB │ gzip:   2.66 kB
dist/assets/index.vue-ZjNAYZ9j.js                      8.04 kB │ gzip:   3.12 kB
dist/assets/index.vue-BDEBRHAB.js                      8.68 kB │ gzip:   3.27 kB
dist/assets/index.vue-2E9itNub.js                      9.10 kB │ gzip:   4.09 kB
dist/assets/index.vue-BC9o-KO2.js                      9.21 kB │ gzip:   3.48 kB
dist/assets/index.vue-Bcf5lnMe.js                      9.51 kB │ gzip:   3.52 kB
dist/assets/index.vue-u-LxjdDt.js                     10.60 kB │ gzip:   4.03 kB
dist/assets/index.vue-DlHihRZ1.js                     11.37 kB │ gzip:   3.95 kB
dist/assets/ShellView.vue2-Bz_xcSKu.js                11.69 kB │ gzip:   3.98 kB
dist/assets/index.vue-DULebOuD.js                     11.72 kB │ gzip:   3.97 kB
dist/assets/index.vue-Cb4w3s2i.js                     12.75 kB │ gzip:   3.62 kB
dist/assets/index.vue-CPAzXip0.js                     12.87 kB │ gzip:   4.87 kB
dist/assets/index.vue-BKYmWKQ_.js                     13.65 kB │ gzip:   5.31 kB
dist/assets/index.vue-BEX95tDQ.js                     13.77 kB │ gzip:   4.56 kB
dist/assets/_plugin-vue_export-helper-C5A6xAVO.js     14.68 kB │ gzip:   3.85 kB
dist/assets/index.vue-rcp3pXZ2.js                     14.88 kB │ gzip:   4.84 kB
dist/assets/index.vue-CgWqdcp4.js                     15.26 kB │ gzip:   4.91 kB
dist/assets/index.vue-Dx_YL3Gs.js                     15.38 kB │ gzip:   5.56 kB
dist/assets/index.vue2-BsmcpEbk.js                    16.19 kB │ gzip:   5.76 kB
dist/assets/settings.vue-D5TWuSs8.js                  17.43 kB │ gzip:   4.06 kB
dist/assets/javascript-BKX2UdEI.js                    18.42 kB │ gzip:   6.20 kB
dist/assets/MUpload.vue-DbxCSGVF.js                   18.79 kB │ gzip:   7.19 kB
dist/assets/index.vue-3QoBjucH.js                     20.28 kB │ gzip:   6.18 kB
dist/assets/index.vue-CWflYOr2.js                     20.97 kB │ gzip:   7.11 kB
dist/assets/clike-DNBQ0Lui.js                         21.51 kB │ gzip:   7.68 kB
dist/assets/index.vue-Cx5M9Dsj.js                     24.89 kB │ gzip:   8.48 kB
dist/assets/index.vue-CXTyHNV6.js                     25.59 kB │ gzip:   6.48 kB
dist/assets/css-D5EUS2oZ.js                           27.81 kB │ gzip:   8.77 kB
dist/assets/markdown-Df7ZIBnF.js                      28.21 kB │ gzip:   9.05 kB
dist/assets/index.vue-BwtsTy0r.js                     29.22 kB │ gzip:   9.46 kB
dist/assets/index.vue-jdhLWt3T.js                     31.66 kB │ gzip:   8.91 kB
dist/assets/index.vue-Ba19_bEF.js                     32.77 kB │ gzip:   9.03 kB
dist/assets/index.vue-BR9UXFZo.js                     34.66 kB │ gzip:  11.07 kB
dist/assets/sql-Cm3paCfW.js                           47.92 kB │ gzip:  14.19 kB
dist/assets/index-CyEulwM1.js                         58.37 kB │ gzip:  15.66 kB
dist/assets/runtimeForm-CrrFRZ90.js                   79.65 kB │ gzip:  25.09 kB
dist/assets/index-Cqr_QS_2.js                         81.74 kB │ gzip:  23.83 kB
dist/assets/index.vue-mTmwqalT.js                    123.90 kB │ gzip:  36.86 kB
dist/assets/codemirror-DgIWTi0G.js                   174.07 kB │ gzip:  58.19 kB
dist/assets/icon-DcLsrzZa.js                       1,055.19 kB │ gzip: 327.68 kB
dist/assets/index-CNapI7Ls.js                      1,299.13 kB │ gzip: 415.45 kB
dist/assets/style-CgglqbaM.js                      1,970.91 kB │ gzip: 669.14 kB
✓ built in 10.41s
node_modules/.pnpm/@vueuse+core@14.3.0_vue@3.5.35_typescript@5.9.3_/node_modules/@vueuse/core/dist/index.js (3362:0): A comment

"/* #__PURE__ */"

in "node_modules/.pnpm/@vueuse+core@14.3.0_vue@3.5.35_typescript@5.9.3_/node_modules/@vueuse/core/dist/index.js" contains an annotation that Rollup cannot interpret due to the position of the comment. The comment will be removed to avoid issues.
node_modules/.pnpm/@vueuse+core@14.3.0_vue@3.5.35_typescript@5.9.3_/node_modules/@vueuse/core/dist/index.js (5780:22): A comment

"/* #__PURE__ */"

in "node_modules/.pnpm/@vueuse+core@14.3.0_vue@3.5.35_typescript@5.9.3_/node_modules/@vueuse/core/dist/index.js" contains an annotation that Rollup cannot interpret due to the position of the comment. The comment will be removed to avoid issues.

(!) Some chunks are larger than 500 kB after minification. Consider:
- Using dynamic import() to code-split the application
- Use build.rollupOptions.output.manualChunks to improve chunking: https://rollupjs.org/configuration-options/#output-manualchunks
- Adjust chunk size limit for this warning via build.chunkSizeWarningLimit.
