vite v5.4.21 building for production...
transforming...
✓ 2734 modules transformed.
rendering chunks...
computing gzip size...
dist/index.html                                        0.17 kB │ gzip:   0.15 kB
dist/assets/fc-icons-BjnjLEor.woff                    17.44 kB
dist/assets/BusinessReports-de_Ve5NZ.css               0.16 kB │ gzip:   0.14 kB
dist/assets/icon-Byp_cd-K.css                         16.09 kB │ gzip:   4.05 kB
dist/assets/style-CTjwcune.css                        25.02 kB │ gzip:   4.67 kB
dist/assets/index-B6CIJ_09.css                       387.47 kB │ gzip:  52.64 kB
dist/assets/_plugin-vue_export-helper-DlAUqK2U.js      0.09 kB │ gzip:   0.10 kB
dist/assets/_plugin-vue_export-helper-BffYpcM-.js      0.09 kB │ gzip:   0.10 kB
dist/assets/_plugin-vue_export-helper-b8p_N644.js      0.09 kB │ gzip:   0.10 kB
dist/assets/_plugin-vue_export-helper-B-KA9PqK.js      0.09 kB │ gzip:   0.10 kB
dist/assets/_plugin-vue_export-helper-B4PAZYor.js      0.09 kB │ gzip:   0.10 kB
dist/assets/_plugin-vue_export-helper-CHBbguun.js      0.21 kB │ gzip:   0.18 kB
dist/assets/businessApply-BKzMXNZn.js                  0.22 kB │ gzip:   0.18 kB
dist/assets/index.vue2-DX5H-jAn.js                     0.29 kB │ gzip:   0.23 kB
dist/assets/index.vue2-Co_RhDs-.js                     0.29 kB │ gzip:   0.22 kB
dist/assets/menuPackage-CG26sxAO.js                    0.38 kB │ gzip:   0.20 kB
dist/assets/formatTime-BSK6ffaY.js                     0.47 kB │ gzip:   0.26 kB
dist/assets/codemirror-DNGmwOYu.js                     0.50 kB │ gzip:   0.37 kB
dist/assets/sys-ra-3nCDt.js                            0.55 kB │ gzip:   0.29 kB
dist/assets/404.vue-DwyqEVrR.js                        0.56 kB │ gzip:   0.42 kB
dist/assets/org-BIhqoz32.js                            0.66 kB │ gzip:   0.34 kB
dist/assets/role-eutc7NYw.js                           0.67 kB │ gzip:   0.28 kB
dist/assets/index.vue-DFT8ZFw0.js                      0.69 kB │ gzip:   0.42 kB
dist/assets/breadcrumb.vue-1ajRjv-l.js                 0.73 kB │ gzip:   0.48 kB
dist/assets/iconConfig-ChM4Ybza.js                     0.74 kB │ gzip:   0.46 kB
dist/assets/index-DD6l4W_e.js                          0.74 kB │ gzip:   0.40 kB
dist/assets/header.vue-Njb6CQbU.js                     0.86 kB │ gzip:   0.52 kB
dist/assets/index.vue-CxCcexue.js                      0.88 kB │ gzip:   0.54 kB
dist/assets/post-6BxTyhQ9.js                           0.93 kB │ gzip:   0.40 kB
dist/assets/BusinessReports-k3UhEK22.js                0.94 kB │ gzip:   0.65 kB
dist/assets/menu-Bnj6THm-.js                           0.98 kB │ gzip:   0.46 kB
dist/assets/useDict-CGk6VttO.js                        1.03 kB │ gzip:   0.56 kB
dist/assets/businessApproval-Dsiysvqr.js               1.03 kB │ gzip:   0.49 kB
dist/assets/tagsViewRoutes-BNdrcHwF.js                 1.07 kB │ gzip:   0.60 kB
dist/assets/subItem.vue-DBKXMmCo.js                    1.11 kB │ gzip:   0.54 kB
dist/assets/workflowFormConfig-DV0KMwwn.js             1.12 kB │ gzip:   0.46 kB
dist/assets/horizontal.vue-BeqICL7w.js                 1.16 kB │ gzip:   0.56 kB
dist/assets/index-Bbmlzt6A.js                          1.18 kB │ gzip:   0.53 kB
dist/assets/index.vue-CoF3i8mG.js                      1.22 kB │ gzip:   0.63 kB
dist/assets/index.vue-BF4M0R5f.js                      1.26 kB │ gzip:   0.63 kB
dist/assets/app-BDHv82xY.js                            1.49 kB │ gzip:   0.61 kB
dist/assets/active-line-mwJe6Qjf.js                    1.72 kB │ gzip:   0.85 kB
dist/assets/user.vue-4bTvIgSu.js                       1.80 kB │ gzip:   0.96 kB
dist/assets/vertical.vue-B9-ubciI.js                   1.88 kB │ gzip:   0.89 kB
dist/assets/index.vue-CpFHCj1D.js                      1.90 kB │ gzip:   1.15 kB
dist/assets/log-vf_yxJFX.js                            1.93 kB │ gzip:   0.79 kB
dist/assets/index.vue-B6KpIjKl.js                      2.11 kB │ gzip:   0.93 kB
dist/assets/template-PFGuW2A0.js                       2.14 kB │ gzip:   0.70 kB
dist/assets/index.vue-DJEYcaTE.js                      2.28 kB │ gzip:   0.85 kB
dist/assets/password.vue-DkpGBNjO.js                   2.83 kB │ gzip:   1.29 kB
dist/assets/columnsAside.vue-CUw0JJcu.js               2.89 kB │ gzip:   1.42 kB
dist/assets/aside.vue-CTwwEas5.js                      3.04 kB │ gzip:   1.41 kB
dist/assets/main.vue-CIFGUOsE.js                       3.17 kB │ gzip:   1.67 kB
dist/assets/htmlmixed-ClOfB5WM.js                      3.32 kB │ gzip:   1.56 kB
dist/assets/index.vue-GijP0ET6.js                      3.34 kB │ gzip:   1.41 kB
dist/assets/profile.vue-9haL6GXQ.js                    3.47 kB │ gzip:   1.54 kB
dist/assets/matchbrackets-BnO9pUKp.js                  3.51 kB │ gzip:   1.59 kB
dist/assets/tagsView.vue-s8dbjz0l.js                   3.61 kB │ gzip:   1.65 kB
dist/assets/closebrackets-BWfME4OT.js                  4.00 kB │ gzip:   1.72 kB
dist/assets/index.vue-gsJlIK6s.js                      4.20 kB │ gzip:   2.01 kB
dist/assets/index.vue-Db56EIU-.js                      4.74 kB │ gzip:   2.26 kB
dist/assets/index.vue-C4IbgTOK.js                      4.75 kB │ gzip:   2.12 kB
dist/assets/index.vue-DYQC5RtH.js                      4.91 kB │ gzip:   2.12 kB
dist/assets/_plugin-vue_export-helper-BmeVcsbe.js      4.99 kB │ gzip:   1.72 kB
dist/assets/fileSettings-I3K5XCe9.js                   5.22 kB │ gzip:   1.46 kB
dist/assets/FilePreviewPanel.vue-CFeNL_lx.js           5.22 kB │ gzip:   2.23 kB
dist/assets/index.vue-CNKw-pKL.js                      5.34 kB │ gzip:   3.10 kB
dist/assets/index.vue-BKLj3yO3.js                      5.91 kB │ gzip:   2.35 kB
dist/assets/index.vue-BtEGCF7S.js                      5.99 kB │ gzip:   2.58 kB
dist/assets/menuHost-BX1Ei958.js                       6.21 kB │ gzip:   2.40 kB
dist/assets/index.vue-B4yqbbCH.js                      6.49 kB │ gzip:   2.57 kB
dist/assets/xml-ss8k_548.js                            6.49 kB │ gzip:   2.60 kB
dist/assets/index.vue-DNqxXQT7.js                      6.60 kB │ gzip:   2.57 kB
dist/assets/index.vue2-CBn0YEnl.js                     6.92 kB │ gzip:   2.87 kB
dist/assets/python-wLAvCQwQ.js                         7.07 kB │ gzip:   3.06 kB
dist/assets/index.vue-dlwMPK7v.js                      7.09 kB │ gzip:   2.62 kB
dist/assets/login.vue-Dtno2gbI.js                      7.12 kB │ gzip:   2.85 kB
dist/assets/index.vue-CcxIjlRT.js                      7.15 kB │ gzip:   2.68 kB
dist/assets/index.vue-WwO8ovyS.js                      7.45 kB │ gzip:   3.08 kB
dist/assets/index.vue-FCAcqWa2.js                      7.96 kB │ gzip:   2.66 kB
dist/assets/index.vue-DJ_s-Wo-.js                      8.04 kB │ gzip:   3.12 kB
dist/assets/index.vue-Ce0I3ton.js                      8.68 kB │ gzip:   3.27 kB
dist/assets/index.vue-bFWqvTWE.js                      9.10 kB │ gzip:   4.09 kB
dist/assets/index.vue-B_4fEDL6.js                      9.21 kB │ gzip:   3.48 kB
dist/assets/index.vue-BrmhU_tO.js                      9.51 kB │ gzip:   3.52 kB
dist/assets/index.vue-CcXj6u6o.js                     10.60 kB │ gzip:   4.02 kB
dist/assets/index.vue-B7FoIlK0.js                     11.37 kB │ gzip:   3.96 kB
dist/assets/ShellView.vue2-BTmVc8UN.js                11.69 kB │ gzip:   3.97 kB
dist/assets/index.vue-DfXUEjT7.js                     11.72 kB │ gzip:   3.97 kB
dist/assets/index.vue-Bh7lDiFK.js                     12.75 kB │ gzip:   3.62 kB
dist/assets/index.vue-h2hihUjq.js                     12.87 kB │ gzip:   4.87 kB
dist/assets/index.vue-DCRdnx22.js                     13.65 kB │ gzip:   5.31 kB
dist/assets/index.vue-B91EwumE.js                     13.77 kB │ gzip:   4.56 kB
dist/assets/_plugin-vue_export-helper-DPC5818u.js     14.68 kB │ gzip:   3.85 kB
dist/assets/index.vue-BlJFKJP1.js                     14.88 kB │ gzip:   4.84 kB
dist/assets/index.vue-BkJXf4-s.js                     15.26 kB │ gzip:   4.91 kB
dist/assets/index.vue-C8vgn6iA.js                     15.38 kB │ gzip:   5.57 kB
dist/assets/index.vue2-BqM6z2LJ.js                    16.19 kB │ gzip:   5.76 kB
dist/assets/settings.vue-D6daxxa1.js                  17.43 kB │ gzip:   4.06 kB
dist/assets/javascript-PpU33fJ_.js                    18.42 kB │ gzip:   6.20 kB
dist/assets/MUpload.vue-DgGgIR9Y.js                   18.79 kB │ gzip:   7.19 kB
dist/assets/index.vue-Bp5Dfbxi.js                     20.28 kB │ gzip:   6.18 kB
dist/assets/index.vue-DPST31OE.js                     20.97 kB │ gzip:   7.11 kB
dist/assets/clike-gt6UPo-w.js                         21.51 kB │ gzip:   7.68 kB
dist/assets/index.vue-Di3ZZw5C.js                     24.89 kB │ gzip:   8.48 kB
dist/assets/index.vue-BU3EkOEP.js                     25.59 kB │ gzip:   6.47 kB
dist/assets/css-sgN367P9.js                           27.81 kB │ gzip:   8.78 kB
dist/assets/markdown-DvBTZYot.js                      28.21 kB │ gzip:   9.05 kB
dist/assets/index.vue-D2vNK51a.js                     29.22 kB │ gzip:   9.46 kB
dist/assets/index.vue-DzaN7Qjo.js                     31.66 kB │ gzip:   8.91 kB
dist/assets/index.vue-CMqPhBKn.js                     32.77 kB │ gzip:   9.03 kB
dist/assets/index.vue-U76MOfo4.js                     34.66 kB │ gzip:  11.07 kB
dist/assets/sql-DJVo5qLl.js                           47.92 kB │ gzip:  14.19 kB
dist/assets/index-DUUOyA-T.js                         58.37 kB │ gzip:  15.66 kB
dist/assets/runtimeForm-BepwA0Z2.js                   79.65 kB │ gzip:  25.09 kB
dist/assets/index-BH6PIx-W.js                         81.74 kB │ gzip:  23.83 kB
dist/assets/index.vue-BRvJultb.js                    123.90 kB │ gzip:  36.86 kB
dist/assets/codemirror-CRnj5wvI.js                   174.07 kB │ gzip:  58.19 kB
dist/assets/icon-DauZ-cdM.js                       1,055.19 kB │ gzip: 327.68 kB
dist/assets/index-CLYxyBoF.js                      1,299.96 kB │ gzip: 415.71 kB
dist/assets/style-C4PX1F6k.js                      1,970.91 kB │ gzip: 669.14 kB
✓ built in 10.47s
node_modules/.pnpm/@vueuse+core@14.3.0_vue@3.5.35_typescript@5.9.3_/node_modules/@vueuse/core/dist/index.js (3362:0): A comment

"/* #__PURE__ */"

in "node_modules/.pnpm/@vueuse+core@14.3.0_vue@3.5.35_typescript@5.9.3_/node_modules/@vueuse/core/dist/index.js" contains an annotation that Rollup cannot interpret due to the position of the comment. The comment will be removed to avoid issues.
node_modules/.pnpm/@vueuse+core@14.3.0_vue@3.5.35_typescript@5.9.3_/node_modules/@vueuse/core/dist/index.js (5780:22): A comment

"/* #__PURE__ */"

in "node_modules/.pnpm/@vueuse+core@14.3.0_vue@3.5.35_typescript@5.9.3_/node_modules/@vueuse/core/dist/index.js" contains an annotation that Rollup cannot interpret due to the position of the comment. The comment will be removed to avoid issues.

(!) Some chunks are larger than 500 kB after minification. Consider:
- Using dynamic import() to code-split the application
- Use build.rollupOptions.output.manualChunks to improve chunking: https://rollupjs.org/configuration-options/#output-manualchunks
- Adjust chunk size limit for this warning via build.chunkSizeWarningLimit.
